03:59:27: [INFO] [/home/eric/projects/warg_bootcamp/autonomy-bootcamp-2025-p2/modules/command/command_worker.py | command_worker | 42] Logger initialized
03:59:27: [INFO] [/home/eric/projects/warg_bootcamp/autonomy-bootcamp-2025-p2/modules/command/command.py | __init__ | 78] Command initialized
03:59:27: [INFO] [/home/eric/projects/warg_bootcamp/autonomy-bootcamp-2025-p2/modules/command/command.py | create | 51] Command created successfully
03:59:27: [INFO] [/home/eric/projects/warg_bootcamp/autonomy-bootcamp-2025-p2/modules/command/command_worker.py | command_worker | 51] Command created successfully
03:59:27: [INFO] [/home/eric/projects/warg_bootcamp/autonomy-bootcamp-2025-p2/modules/command/command_worker.py | command_worker | 67] Received TelemetryData: {
            time_since_boot: None,
            x: 0,
            y: 0,
            z: 29,
            x_velocity: 0,
            y_velocity: 0,
            z_velocity: 4,
            roll: None,
            pitch: None,
            yaw: 0,
            roll_speed: None,
            pitch_speed: None,
            yaw_speed: None
        }
03:59:27: [INFO] [/home/eric/projects/warg_bootcamp/autonomy-bootcamp-2025-p2/modules/command/command.py | run | 94] Average Velocity: (0.0, 0.0, 4.0)
03:59:27: [INFO] [/home/eric/projects/warg_bootcamp/autonomy-bootcamp-2025-p2/modules/command/command_worker.py | command_worker | 76] Sent command result: CHANGE_ALTITUDE: 1
03:59:27: [INFO] [/home/eric/projects/warg_bootcamp/autonomy-bootcamp-2025-p2/modules/command/command_worker.py | command_worker | 67] Received TelemetryData: {
            time_since_boot: None,
            x: 0,
            y: 0,
            z: 31,
            x_velocity: 0,
            y_velocity: 0,
            z_velocity: -2,
            roll: None,
            pitch: None,
            yaw: 0,
            roll_speed: None,
            pitch_speed: None,
            yaw_speed: None
        }
03:59:27: [INFO] [/home/eric/projects/warg_bootcamp/autonomy-bootcamp-2025-p2/modules/command/command.py | run | 94] Average Velocity: (0.0, 0.0, 1.0)
03:59:27: [INFO] [/home/eric/projects/warg_bootcamp/autonomy-bootcamp-2025-p2/modules/command/command_worker.py | command_worker | 76] Sent command result: CHANGE_ALTITUDE: -1
03:59:29: [INFO] [/home/eric/projects/warg_bootcamp/autonomy-bootcamp-2025-p2/modules/command/command_worker.py | command_worker | 83] Command worker exiting gracefully
