03:08:30: [INFO] [/home/eric/projects/warg_bootcamp/autonomy-bootcamp-2025-p2/modules/command/command_worker.py | command_worker | 57] Logger initialized
03:08:30: [INFO] [/home/eric/projects/warg_bootcamp/autonomy-bootcamp-2025-p2/modules/command/command.py | __init__ | 80] Command initialized
03:08:30: [INFO] [/home/eric/projects/warg_bootcamp/autonomy-bootcamp-2025-p2/modules/command/command.py | create | 55] Command created successfully
03:08:30: [INFO] [/home/eric/projects/warg_bootcamp/autonomy-bootcamp-2025-p2/modules/command/command_worker.py | command_worker | 70] Command created successfully
03:08:30: [INFO] [/home/eric/projects/warg_bootcamp/autonomy-bootcamp-2025-p2/modules/command/command_worker.py | command_worker | 86] Received TelemetryData: {
            time_since_boot: None,
            x: 0,
            y: 0,
            z: 29,
            x_velocity: 0,
            y_velocity: 0,
            z_velocity: 4,
            roll: None,
            pitch: None,
            yaw: 0,
            roll_speed: None,
            pitch_speed: None,
            yaw_speed: None
        }
03:08:30: [INFO] [/home/eric/projects/warg_bootcamp/autonomy-bootcamp-2025-p2/modules/command/command.py | run | 107] Average velocity so far: x=0.00, y=0.00, z=4.00 m/s
03:08:30: [INFO] [/home/eric/projects/warg_bootcamp/autonomy-bootcamp-2025-p2/modules/command/command.py | run | 129] Sent altitude change command: target=30, current=29, delta=1
03:08:30: [INFO] [/home/eric/projects/warg_bootcamp/autonomy-bootcamp-2025-p2/modules/command/command_worker.py | command_worker | 97] Sent command result: CHANGE ALTITUDE: 1.00
03:08:31: [INFO] [/home/eric/projects/warg_bootcamp/autonomy-bootcamp-2025-p2/modules/command/command_worker.py | command_worker | 86] Received TelemetryData: {
            time_since_boot: None,
            x: 0,
            y: 0,
            z: 31,
            x_velocity: 0,
            y_velocity: 0,
            z_velocity: -2,
            roll: None,
            pitch: None,
            yaw: 0,
            roll_speed: None,
            pitch_speed: None,
            yaw_speed: None
        }
03:08:31: [INFO] [/home/eric/projects/warg_bootcamp/autonomy-bootcamp-2025-p2/modules/command/command.py | run | 107] Average velocity so far: x=0.00, y=0.00, z=1.00 m/s
03:08:31: [INFO] [/home/eric/projects/warg_bootcamp/autonomy-bootcamp-2025-p2/modules/command/command.py | run | 129] Sent altitude change command: target=30, current=31, delta=-1
03:08:31: [INFO] [/home/eric/projects/warg_bootcamp/autonomy-bootcamp-2025-p2/modules/command/command_worker.py | command_worker | 97] Sent command result: CHANGE ALTITUDE: -1.00
03:08:31: [INFO] [/home/eric/projects/warg_bootcamp/autonomy-bootcamp-2025-p2/modules/command/command_worker.py | command_worker | 86] Received TelemetryData: {
            time_since_boot: None,
            x: 0,
            y: 0,
            z: 30.2,
            x_velocity: 0,
            y_velocity: 0,
            z_velocity: 0,
            roll: None,
            pitch: None,
            yaw: 1.1071487177940904,
            roll_speed: None,
            pitch_speed: None,
            yaw_speed: None
        }
03:08:31: [INFO] [/home/eric/projects/warg_bootcamp/autonomy-bootcamp-2025-p2/modules/command/command.py | run | 107] Average velocity so far: x=0.00, y=0.00, z=0.67 m/s
03:08:32: [INFO] [/home/eric/projects/warg_bootcamp/autonomy-bootcamp-2025-p2/modules/command/command_worker.py | command_worker | 86] Received TelemetryData: {
            time_since_boot: None,
            x: 0,
            y: 0,
            z: 29.8,
            x_velocity: 0,
            y_velocity: 0,
            z_velocity: 0,
            roll: None,
            pitch: None,
            yaw: 1.1071487177940904,
            roll_speed: None,
            pitch_speed: None,
            yaw_speed: None
        }
03:08:32: [INFO] [/home/eric/projects/warg_bootcamp/autonomy-bootcamp-2025-p2/modules/command/command.py | run | 107] Average velocity so far: x=0.00, y=0.00, z=0.50 m/s
03:08:32: [INFO] [/home/eric/projects/warg_bootcamp/autonomy-bootcamp-2025-p2/modules/command/command_worker.py | command_worker | 86] Received TelemetryData: {
            time_since_boot: None,
            x: 0,
            y: 0,
            z: 30,
            x_velocity: 0,
            y_velocity: 0,
            z_velocity: 0,
            roll: None,
            pitch: None,
            yaw: 1.1071487177940904,
            roll_speed: None,
            pitch_speed: None,
            yaw_speed: None
        }
03:08:32: [INFO] [/home/eric/projects/warg_bootcamp/autonomy-bootcamp-2025-p2/modules/command/command.py | run | 107] Average velocity so far: x=0.00, y=0.00, z=0.40 m/s
03:08:33: [INFO] [/home/eric/projects/warg_bootcamp/autonomy-bootcamp-2025-p2/modules/command/command_worker.py | command_worker | 86] Received TelemetryData: {
            time_since_boot: None,
            x: 0,
            y: 0,
            z: 30,
            x_velocity: 0,
            y_velocity: 0,
            z_velocity: 0,
            roll: None,
            pitch: None,
            yaw: 1.142055302833977,
            roll_speed: None,
            pitch_speed: None,
            yaw_speed: None
        }
03:08:33: [INFO] [/home/eric/projects/warg_bootcamp/autonomy-bootcamp-2025-p2/modules/command/command.py | run | 107] Average velocity so far: x=0.00, y=0.00, z=0.33 m/s
03:08:33: [INFO] [/home/eric/projects/warg_bootcamp/autonomy-bootcamp-2025-p2/modules/command/command_worker.py | command_worker | 86] Received TelemetryData: {
            time_since_boot: None,
            x: 0,
            y: 0,
            z: 30,
            x_velocity: 0,
            y_velocity: 0,
            z_velocity: 0,
            roll: None,
            pitch: None,
            yaw: 1.072242132754204,
            roll_speed: None,
            pitch_speed: None,
            yaw_speed: None
        }
03:08:33: [INFO] [/home/eric/projects/warg_bootcamp/autonomy-bootcamp-2025-p2/modules/command/command.py | run | 107] Average velocity so far: x=0.00, y=0.00, z=0.29 m/s
03:08:34: [INFO] [/home/eric/projects/warg_bootcamp/autonomy-bootcamp-2025-p2/modules/command/command_worker.py | command_worker | 86] Received TelemetryData: {
            time_since_boot: None,
            x: 0,
            y: 0,
            z: 30,
            x_velocity: 0,
            y_velocity: 20,
            z_velocity: 0,
            roll: None,
            pitch: None,
            yaw: 0,
            roll_speed: None,
            pitch_speed: None,
            yaw_speed: None
        }
03:08:34: [INFO] [/home/eric/projects/warg_bootcamp/autonomy-bootcamp-2025-p2/modules/command/command.py | run | 107] Average velocity so far: x=0.00, y=2.50, z=0.25 m/s
03:08:34: [INFO] [/home/eric/projects/warg_bootcamp/autonomy-bootcamp-2025-p2/modules/command/command.py | run | 171] Sent yaw change command: current=0.0°, target=63.4°, delta=63.4°
03:08:34: [INFO] [/home/eric/projects/warg_bootcamp/autonomy-bootcamp-2025-p2/modules/command/command_worker.py | command_worker | 97] Sent command result: CHANGE YAW: 63.4
03:08:35: [INFO] [/home/eric/projects/warg_bootcamp/autonomy-bootcamp-2025-p2/modules/command/command_worker.py | command_worker | 86] Received TelemetryData: {
            time_since_boot: None,
            x: 10,
            y: 0,
            z: 30,
            x_velocity: 0,
            y_velocity: 20,
            z_velocity: 0,
            roll: None,
            pitch: None,
            yaw: 0,
            roll_speed: None,
            pitch_speed: None,
            yaw_speed: None
        }
03:08:35: [INFO] [/home/eric/projects/warg_bootcamp/autonomy-bootcamp-2025-p2/modules/command/command.py | run | 107] Average velocity so far: x=0.00, y=4.44, z=0.22 m/s
03:08:35: [INFO] [/home/eric/projects/warg_bootcamp/autonomy-bootcamp-2025-p2/modules/command/command.py | run | 171] Sent yaw change command: current=0.0°, target=90.0°, delta=90.0°
03:08:35: [INFO] [/home/eric/projects/warg_bootcamp/autonomy-bootcamp-2025-p2/modules/command/command_worker.py | command_worker | 97] Sent command result: CHANGE YAW: 90.0
03:08:35: [INFO] [/home/eric/projects/warg_bootcamp/autonomy-bootcamp-2025-p2/modules/command/command_worker.py | command_worker | 86] Received TelemetryData: {
            time_since_boot: None,
            x: 20,
            y: 0,
            z: 30,
            x_velocity: 0,
            y_velocity: 20,
            z_velocity: 0,
            roll: None,
            pitch: None,
            yaw: 0,
            roll_speed: None,
            pitch_speed: None,
            yaw_speed: None
        }
03:08:35: [INFO] [/home/eric/projects/warg_bootcamp/autonomy-bootcamp-2025-p2/modules/command/command.py | run | 107] Average velocity so far: x=0.00, y=6.00, z=0.20 m/s
03:08:35: [INFO] [/home/eric/projects/warg_bootcamp/autonomy-bootcamp-2025-p2/modules/command/command.py | run | 171] Sent yaw change command: current=0.0°, target=116.6°, delta=116.6°
03:08:35: [INFO] [/home/eric/projects/warg_bootcamp/autonomy-bootcamp-2025-p2/modules/command/command_worker.py | command_worker | 97] Sent command result: CHANGE YAW: 116.6
03:08:36: [INFO] [/home/eric/projects/warg_bootcamp/autonomy-bootcamp-2025-p2/modules/command/command_worker.py | command_worker | 86] Received TelemetryData: {
            time_since_boot: None,
            x: 30,
            y: 0,
            z: 30,
            x_velocity: 20,
            y_velocity: 0,
            z_velocity: 0,
            roll: None,
            pitch: None,
            yaw: 1.5707963267948966,
            roll_speed: None,
            pitch_speed: None,
            yaw_speed: None
        }
03:08:36: [INFO] [/home/eric/projects/warg_bootcamp/autonomy-bootcamp-2025-p2/modules/command/command.py | run | 107] Average velocity so far: x=1.82, y=5.45, z=0.18 m/s
03:08:36: [INFO] [/home/eric/projects/warg_bootcamp/autonomy-bootcamp-2025-p2/modules/command/command.py | run | 171] Sent yaw change command: current=90.0°, target=135.0°, delta=45.0°
03:08:36: [INFO] [/home/eric/projects/warg_bootcamp/autonomy-bootcamp-2025-p2/modules/command/command_worker.py | command_worker | 97] Sent command result: CHANGE YAW: 45.0
03:08:36: [INFO] [/home/eric/projects/warg_bootcamp/autonomy-bootcamp-2025-p2/modules/command/command_worker.py | command_worker | 86] Received TelemetryData: {
            time_since_boot: None,
            x: 30,
            y: 10,
            z: 30,
            x_velocity: 20,
            y_velocity: 0,
            z_velocity: 0,
            roll: None,
            pitch: None,
            yaw: 1.5707963267948966,
            roll_speed: None,
            pitch_speed: None,
            yaw_speed: None
        }
03:08:36: [INFO] [/home/eric/projects/warg_bootcamp/autonomy-bootcamp-2025-p2/modules/command/command.py | run | 107] Average velocity so far: x=3.33, y=5.00, z=0.17 m/s
03:08:36: [INFO] [/home/eric/projects/warg_bootcamp/autonomy-bootcamp-2025-p2/modules/command/command.py | run | 171] Sent yaw change command: current=90.0°, target=153.4°, delta=63.4°
03:08:36: [INFO] [/home/eric/projects/warg_bootcamp/autonomy-bootcamp-2025-p2/modules/command/command_worker.py | command_worker | 97] Sent command result: CHANGE YAW: 63.4
03:08:37: [INFO] [/home/eric/projects/warg_bootcamp/autonomy-bootcamp-2025-p2/modules/command/command_worker.py | command_worker | 86] Received TelemetryData: {
            time_since_boot: None,
            x: 30,
            y: 20,
            z: 30,
            x_velocity: 20,
            y_velocity: 0,
            z_velocity: 0,
            roll: None,
            pitch: None,
            yaw: 1.5707963267948966,
            roll_speed: None,
            pitch_speed: None,
            yaw_speed: None
        }
03:08:37: [INFO] [/home/eric/projects/warg_bootcamp/autonomy-bootcamp-2025-p2/modules/command/command.py | run | 107] Average velocity so far: x=4.62, y=4.62, z=0.15 m/s
03:08:37: [INFO] [/home/eric/projects/warg_bootcamp/autonomy-bootcamp-2025-p2/modules/command/command.py | run | 171] Sent yaw change command: current=90.0°, target=180.0°, delta=90.0°
03:08:37: [INFO] [/home/eric/projects/warg_bootcamp/autonomy-bootcamp-2025-p2/modules/command/command_worker.py | command_worker | 97] Sent command result: CHANGE YAW: 90.0
03:08:37: [INFO] [/home/eric/projects/warg_bootcamp/autonomy-bootcamp-2025-p2/modules/command/command_worker.py | command_worker | 86] Received TelemetryData: {
            time_since_boot: None,
            x: 30,
            y: 30,
            z: 30,
            x_velocity: 0,
            y_velocity: -20,
            z_velocity: 0,
            roll: None,
            pitch: None,
            yaw: 3.141592653589793,
            roll_speed: None,
            pitch_speed: None,
            yaw_speed: None
        }
03:08:37: [INFO] [/home/eric/projects/warg_bootcamp/autonomy-bootcamp-2025-p2/modules/command/command.py | run | 107] Average velocity so far: x=4.29, y=2.86, z=0.14 m/s
03:08:37: [INFO] [/home/eric/projects/warg_bootcamp/autonomy-bootcamp-2025-p2/modules/command/command.py | run | 171] Sent yaw change command: current=180.0°, target=-153.4°, delta=26.6°
03:08:37: [INFO] [/home/eric/projects/warg_bootcamp/autonomy-bootcamp-2025-p2/modules/command/command_worker.py | command_worker | 97] Sent command result: CHANGE YAW: 26.6
03:08:38: [INFO] [/home/eric/projects/warg_bootcamp/autonomy-bootcamp-2025-p2/modules/command/command_worker.py | command_worker | 86] Received TelemetryData: {
            time_since_boot: None,
            x: 20,
            y: 30,
            z: 30,
            x_velocity: 0,
            y_velocity: -20,
            z_velocity: 0,
            roll: None,
            pitch: None,
            yaw: -3.141592653589793,
            roll_speed: None,
            pitch_speed: None,
            yaw_speed: None
        }
03:08:38: [INFO] [/home/eric/projects/warg_bootcamp/autonomy-bootcamp-2025-p2/modules/command/command.py | run | 107] Average velocity so far: x=4.00, y=1.33, z=0.13 m/s
03:08:38: [INFO] [/home/eric/projects/warg_bootcamp/autonomy-bootcamp-2025-p2/modules/command/command.py | run | 171] Sent yaw change command: current=-180.0°, target=-135.0°, delta=45.0°
03:08:38: [INFO] [/home/eric/projects/warg_bootcamp/autonomy-bootcamp-2025-p2/modules/command/command_worker.py | command_worker | 97] Sent command result: CHANGE YAW: 45.0
03:08:38: [INFO] [/home/eric/projects/warg_bootcamp/autonomy-bootcamp-2025-p2/modules/command/command_worker.py | command_worker | 86] Received TelemetryData: {
            time_since_boot: None,
            x: 10,
            y: 30,
            z: 30,
            x_velocity: 0,
            y_velocity: -20,
            z_velocity: 0,
            roll: None,
            pitch: None,
            yaw: 3.141592653589793,
            roll_speed: None,
            pitch_speed: None,
            yaw_speed: None
        }
03:08:38: [INFO] [/home/eric/projects/warg_bootcamp/autonomy-bootcamp-2025-p2/modules/command/command.py | run | 107] Average velocity so far: x=3.75, y=0.00, z=0.12 m/s
03:08:38: [INFO] [/home/eric/projects/warg_bootcamp/autonomy-bootcamp-2025-p2/modules/command/command.py | run | 171] Sent yaw change command: current=180.0°, target=-90.0°, delta=90.0°
03:08:38: [INFO] [/home/eric/projects/warg_bootcamp/autonomy-bootcamp-2025-p2/modules/command/command_worker.py | command_worker | 97] Sent command result: CHANGE YAW: 90.0
03:08:39: [INFO] [/home/eric/projects/warg_bootcamp/autonomy-bootcamp-2025-p2/modules/command/command_worker.py | command_worker | 86] Received TelemetryData: {
            time_since_boot: None,
            x: 0,
            y: 30,
            z: 30,
            x_velocity: -20,
            y_velocity: 0,
            z_velocity: 0,
            roll: None,
            pitch: None,
            yaw: -1.5707963267948966,
            roll_speed: None,
            pitch_speed: None,
            yaw_speed: None
        }
03:08:39: [INFO] [/home/eric/projects/warg_bootcamp/autonomy-bootcamp-2025-p2/modules/command/command.py | run | 107] Average velocity so far: x=2.35, y=0.00, z=0.12 m/s
03:08:39: [INFO] [/home/eric/projects/warg_bootcamp/autonomy-bootcamp-2025-p2/modules/command/command.py | run | 171] Sent yaw change command: current=-90.0°, target=-45.0°, delta=45.0°
03:08:39: [INFO] [/home/eric/projects/warg_bootcamp/autonomy-bootcamp-2025-p2/modules/command/command_worker.py | command_worker | 97] Sent command result: CHANGE YAW: 45.0
03:08:40: [INFO] [/home/eric/projects/warg_bootcamp/autonomy-bootcamp-2025-p2/modules/command/command_worker.py | command_worker | 86] Received TelemetryData: {
            time_since_boot: None,
            x: 0,
            y: 20,
            z: 30,
            x_velocity: -20,
            y_velocity: 0,
            z_velocity: 0,
            roll: None,
            pitch: None,
            yaw: -1.5707963267948966,
            roll_speed: None,
            pitch_speed: None,
            yaw_speed: None
        }
03:08:40: [INFO] [/home/eric/projects/warg_bootcamp/autonomy-bootcamp-2025-p2/modules/command/command.py | run | 107] Average velocity so far: x=1.11, y=0.00, z=0.11 m/s
03:08:40: [INFO] [/home/eric/projects/warg_bootcamp/autonomy-bootcamp-2025-p2/modules/command/command.py | run | 171] Sent yaw change command: current=-90.0°, target=0.0°, delta=90.0°
03:08:40: [INFO] [/home/eric/projects/warg_bootcamp/autonomy-bootcamp-2025-p2/modules/command/command_worker.py | command_worker | 97] Sent command result: CHANGE YAW: 90.0
03:08:40: [INFO] [/home/eric/projects/warg_bootcamp/autonomy-bootcamp-2025-p2/modules/command/command_worker.py | command_worker | 86] Received TelemetryData: {
            time_since_boot: None,
            x: 0,
            y: 10,
            z: 30,
            x_velocity: -20,
            y_velocity: 0,
            z_velocity: 0,
            roll: None,
            pitch: None,
            yaw: -1.5707963267948966,
            roll_speed: None,
            pitch_speed: None,
            yaw_speed: None
        }
03:08:40: [INFO] [/home/eric/projects/warg_bootcamp/autonomy-bootcamp-2025-p2/modules/command/command.py | run | 107] Average velocity so far: x=0.00, y=0.00, z=0.11 m/s
03:08:40: [INFO] [/home/eric/projects/warg_bootcamp/autonomy-bootcamp-2025-p2/modules/command/command.py | run | 171] Sent yaw change command: current=-90.0°, target=45.0°, delta=135.0°
03:08:40: [INFO] [/home/eric/projects/warg_bootcamp/autonomy-bootcamp-2025-p2/modules/command/command_worker.py | command_worker | 97] Sent command result: CHANGE YAW: 135.0
03:08:41: [INFO] [/home/eric/projects/warg_bootcamp/autonomy-bootcamp-2025-p2/modules/command/command_worker.py | command_worker | 86] Received TelemetryData: {
            time_since_boot: None,
            x: 0,
            y: 0,
            z: 30,
            x_velocity: 0,
            y_velocity: 20,
            z_velocity: 0,
            roll: None,
            pitch: None,
            yaw: 1.5707963267948966,
            roll_speed: None,
            pitch_speed: None,
            yaw_speed: None
        }
03:08:41: [INFO] [/home/eric/projects/warg_bootcamp/autonomy-bootcamp-2025-p2/modules/command/command.py | run | 107] Average velocity so far: x=0.00, y=1.00, z=0.10 m/s
03:08:41: [INFO] [/home/eric/projects/warg_bootcamp/autonomy-bootcamp-2025-p2/modules/command/command.py | run | 171] Sent yaw change command: current=90.0°, target=63.4°, delta=-26.6°
03:08:41: [INFO] [/home/eric/projects/warg_bootcamp/autonomy-bootcamp-2025-p2/modules/command/command_worker.py | command_worker | 97] Sent command result: CHANGE YAW: -26.6
03:08:41: [INFO] [/home/eric/projects/warg_bootcamp/autonomy-bootcamp-2025-p2/modules/command/command_worker.py | command_worker | 86] Received TelemetryData: {
            time_since_boot: None,
            x: 0,
            y: 10,
            z: 30,
            x_velocity: 0,
            y_velocity: 20,
            z_velocity: 0,
            roll: None,
            pitch: None,
            yaw: 1.5707963267948966,
            roll_speed: None,
            pitch_speed: None,
            yaw_speed: None
        }
03:08:41: [INFO] [/home/eric/projects/warg_bootcamp/autonomy-bootcamp-2025-p2/modules/command/command.py | run | 107] Average velocity so far: x=0.00, y=1.90, z=0.10 m/s
03:08:41: [INFO] [/home/eric/projects/warg_bootcamp/autonomy-bootcamp-2025-p2/modules/command/command.py | run | 171] Sent yaw change command: current=90.0°, target=45.0°, delta=-45.0°
03:08:41: [INFO] [/home/eric/projects/warg_bootcamp/autonomy-bootcamp-2025-p2/modules/command/command_worker.py | command_worker | 97] Sent command result: CHANGE YAW: -45.0
03:08:42: [INFO] [/home/eric/projects/warg_bootcamp/autonomy-bootcamp-2025-p2/modules/command/command_worker.py | command_worker | 86] Received TelemetryData: {
            time_since_boot: None,
            x: 0,
            y: 20,
            z: 30,
            x_velocity: 0,
            y_velocity: 20,
            z_velocity: 0,
            roll: None,
            pitch: None,
            yaw: 1.5707963267948966,
            roll_speed: None,
            pitch_speed: None,
            yaw_speed: None
        }
03:08:42: [INFO] [/home/eric/projects/warg_bootcamp/autonomy-bootcamp-2025-p2/modules/command/command.py | run | 107] Average velocity so far: x=0.00, y=2.73, z=0.09 m/s
03:08:42: [INFO] [/home/eric/projects/warg_bootcamp/autonomy-bootcamp-2025-p2/modules/command/command.py | run | 171] Sent yaw change command: current=90.0°, target=0.0°, delta=-90.0°
03:08:42: [INFO] [/home/eric/projects/warg_bootcamp/autonomy-bootcamp-2025-p2/modules/command/command_worker.py | command_worker | 97] Sent command result: CHANGE YAW: -90.0
03:08:43: [INFO] [/home/eric/projects/warg_bootcamp/autonomy-bootcamp-2025-p2/modules/command/command_worker.py | command_worker | 86] Received TelemetryData: {
            time_since_boot: None,
            x: 0,
            y: 30,
            z: 30,
            x_velocity: 20,
            y_velocity: 0,
            z_velocity: 0,
            roll: None,
            pitch: None,
            yaw: 0,
            roll_speed: None,
            pitch_speed: None,
            yaw_speed: None
        }
03:08:43: [INFO] [/home/eric/projects/warg_bootcamp/autonomy-bootcamp-2025-p2/modules/command/command.py | run | 107] Average velocity so far: x=0.87, y=2.61, z=0.09 m/s
03:08:43: [INFO] [/home/eric/projects/warg_bootcamp/autonomy-bootcamp-2025-p2/modules/command/command.py | run | 171] Sent yaw change command: current=0.0°, target=-45.0°, delta=-45.0°
03:08:43: [INFO] [/home/eric/projects/warg_bootcamp/autonomy-bootcamp-2025-p2/modules/command/command_worker.py | command_worker | 97] Sent command result: CHANGE YAW: -45.0
03:08:43: [INFO] [/home/eric/projects/warg_bootcamp/autonomy-bootcamp-2025-p2/modules/command/command_worker.py | command_worker | 86] Received TelemetryData: {
            time_since_boot: None,
            x: 10,
            y: 30,
            z: 30,
            x_velocity: 20,
            y_velocity: 0,
            z_velocity: 0,
            roll: None,
            pitch: None,
            yaw: 0,
            roll_speed: None,
            pitch_speed: None,
            yaw_speed: None
        }
03:08:43: [INFO] [/home/eric/projects/warg_bootcamp/autonomy-bootcamp-2025-p2/modules/command/command.py | run | 107] Average velocity so far: x=1.67, y=2.50, z=0.08 m/s
03:08:43: [INFO] [/home/eric/projects/warg_bootcamp/autonomy-bootcamp-2025-p2/modules/command/command.py | run | 171] Sent yaw change command: current=0.0°, target=-90.0°, delta=-90.0°
03:08:43: [INFO] [/home/eric/projects/warg_bootcamp/autonomy-bootcamp-2025-p2/modules/command/command_worker.py | command_worker | 97] Sent command result: CHANGE YAW: -90.0
03:08:44: [INFO] [/home/eric/projects/warg_bootcamp/autonomy-bootcamp-2025-p2/modules/command/command_worker.py | command_worker | 86] Received TelemetryData: {
            time_since_boot: None,
            x: 20,
            y: 30,
            z: 30,
            x_velocity: 20,
            y_velocity: 0,
            z_velocity: 0,
            roll: None,
            pitch: None,
            yaw: 0,
            roll_speed: None,
            pitch_speed: None,
            yaw_speed: None
        }
03:08:44: [INFO] [/home/eric/projects/warg_bootcamp/autonomy-bootcamp-2025-p2/modules/command/command.py | run | 107] Average velocity so far: x=2.40, y=2.40, z=0.08 m/s
03:08:44: [INFO] [/home/eric/projects/warg_bootcamp/autonomy-bootcamp-2025-p2/modules/command/command.py | run | 171] Sent yaw change command: current=0.0°, target=-135.0°, delta=-135.0°
03:08:44: [INFO] [/home/eric/projects/warg_bootcamp/autonomy-bootcamp-2025-p2/modules/command/command_worker.py | command_worker | 97] Sent command result: CHANGE YAW: -135.0
03:08:44: [INFO] [/home/eric/projects/warg_bootcamp/autonomy-bootcamp-2025-p2/modules/command/command_worker.py | command_worker | 86] Received TelemetryData: {
            time_since_boot: None,
            x: 30,
            y: 30,
            z: 30,
            x_velocity: 0,
            y_velocity: -20,
            z_velocity: 0,
            roll: None,
            pitch: None,
            yaw: -1.5707963267948966,
            roll_speed: None,
            pitch_speed: None,
            yaw_speed: None
        }
03:08:44: [INFO] [/home/eric/projects/warg_bootcamp/autonomy-bootcamp-2025-p2/modules/command/command.py | run | 107] Average velocity so far: x=2.31, y=1.54, z=0.08 m/s
03:08:44: [INFO] [/home/eric/projects/warg_bootcamp/autonomy-bootcamp-2025-p2/modules/command/command.py | run | 171] Sent yaw change command: current=-90.0°, target=-153.4°, delta=-63.4°
03:08:44: [INFO] [/home/eric/projects/warg_bootcamp/autonomy-bootcamp-2025-p2/modules/command/command_worker.py | command_worker | 97] Sent command result: CHANGE YAW: -63.4
03:08:45: [INFO] [/home/eric/projects/warg_bootcamp/autonomy-bootcamp-2025-p2/modules/command/command_worker.py | command_worker | 86] Received TelemetryData: {
            time_since_boot: None,
            x: 30,
            y: 20,
            z: 30,
            x_velocity: 0,
            y_velocity: -20,
            z_velocity: 0,
            roll: None,
            pitch: None,
            yaw: -1.5707963267948966,
            roll_speed: None,
            pitch_speed: None,
            yaw_speed: None
        }
03:08:45: [INFO] [/home/eric/projects/warg_bootcamp/autonomy-bootcamp-2025-p2/modules/command/command.py | run | 107] Average velocity so far: x=2.22, y=0.74, z=0.07 m/s
03:08:45: [INFO] [/home/eric/projects/warg_bootcamp/autonomy-bootcamp-2025-p2/modules/command/command.py | run | 171] Sent yaw change command: current=-90.0°, target=180.0°, delta=-90.0°
03:08:45: [INFO] [/home/eric/projects/warg_bootcamp/autonomy-bootcamp-2025-p2/modules/command/command_worker.py | command_worker | 97] Sent command result: CHANGE YAW: -90.0
03:08:45: [INFO] [/home/eric/projects/warg_bootcamp/autonomy-bootcamp-2025-p2/modules/command/command_worker.py | command_worker | 86] Received TelemetryData: {
            time_since_boot: None,
            x: 30,
            y: 10,
            z: 30,
            x_velocity: 0,
            y_velocity: -20,
            z_velocity: 0,
            roll: None,
            pitch: None,
            yaw: -1.5707963267948966,
            roll_speed: None,
            pitch_speed: None,
            yaw_speed: None
        }
03:08:45: [INFO] [/home/eric/projects/warg_bootcamp/autonomy-bootcamp-2025-p2/modules/command/command.py | run | 107] Average velocity so far: x=2.14, y=0.00, z=0.07 m/s
03:08:45: [INFO] [/home/eric/projects/warg_bootcamp/autonomy-bootcamp-2025-p2/modules/command/command.py | run | 171] Sent yaw change command: current=-90.0°, target=153.4°, delta=-116.6°
03:08:45: [INFO] [/home/eric/projects/warg_bootcamp/autonomy-bootcamp-2025-p2/modules/command/command_worker.py | command_worker | 97] Sent command result: CHANGE YAW: -116.6
03:08:46: [INFO] [/home/eric/projects/warg_bootcamp/autonomy-bootcamp-2025-p2/modules/command/command_worker.py | command_worker | 86] Received TelemetryData: {
            time_since_boot: None,
            x: 30,
            y: 0,
            z: 30,
            x_velocity: -20,
            y_velocity: 0,
            z_velocity: 0,
            roll: None,
            pitch: None,
            yaw: -3.141592653589793,
            roll_speed: None,
            pitch_speed: None,
            yaw_speed: None
        }
03:08:46: [INFO] [/home/eric/projects/warg_bootcamp/autonomy-bootcamp-2025-p2/modules/command/command.py | run | 107] Average velocity so far: x=1.38, y=0.00, z=0.07 m/s
03:08:46: [INFO] [/home/eric/projects/warg_bootcamp/autonomy-bootcamp-2025-p2/modules/command/command.py | run | 171] Sent yaw change command: current=-180.0°, target=135.0°, delta=-45.0°
03:08:46: [INFO] [/home/eric/projects/warg_bootcamp/autonomy-bootcamp-2025-p2/modules/command/command_worker.py | command_worker | 97] Sent command result: CHANGE YAW: -45.0
03:08:46: [INFO] [/home/eric/projects/warg_bootcamp/autonomy-bootcamp-2025-p2/modules/command/command_worker.py | command_worker | 110] Command worker exiting gracefully
