21:33:06: [INFO] [/home/eric/projects/warg_bootcamp/autonomy-bootcamp-2025-p2/modules/telemetry/telemetry_worker.py | telemetry_worker | 49] Logger initialized
21:33:06: [INFO] [/home/eric/projects/warg_bootcamp/autonomy-bootcamp-2025-p2/modules/telemetry/telemetry.py | create | 92] Telemetry created successfully
21:33:06: [INFO] [/home/eric/projects/warg_bootcamp/autonomy-bootcamp-2025-p2/modules/telemetry/telemetry_worker.py | telemetry_worker | 64] Telemetry created successfully
21:33:06: [INFO] [/home/eric/projects/warg_bootcamp/autonomy-bootcamp-2025-p2/modules/telemetry/telemetry.py | run | 133] Received ATTITUDE message: ATTITUDE {time_boot_ms : 0, roll : 0.0, pitch : 0.0, yaw : 0.0, rollspeed : 0.0, pitchspeed : 0.0, yawspeed : 3.1415927410125732}
21:33:06: [INFO] [/home/eric/projects/warg_bootcamp/autonomy-bootcamp-2025-p2/modules/telemetry/telemetry.py | run | 141] Received LOCAL_POSITION_NED message: LOCAL_POSITION_NED {time_boot_ms : 0, x : 0.0, y : 0.0, z : 0.0, vx : 1.0, vy : 0.0, vz : 0.0}
21:33:06: [INFO] [/home/eric/projects/warg_bootcamp/autonomy-bootcamp-2025-p2/modules/telemetry/telemetry.py | run | 160] Created TelemetryData: {
            time_since_boot: 0,
            x: 0.0,
            y: 0.0,
            z: 0.0,
            x_velocity: 1.0,
            y_velocity: 0.0,
            z_velocity: 0.0,
            roll: 0.0,
            pitch: 0.0,
            yaw: 0.0,
            roll_speed: 0.0,
            pitch_speed: 0.0,
            yaw_speed: 3.1415927410125732
        }
21:33:06: [INFO] [/home/eric/projects/warg_bootcamp/autonomy-bootcamp-2025-p2/modules/telemetry/telemetry_worker.py | telemetry_worker | 75] Sent TelemetryData to Command worker: {
            time_since_boot: 0,
            x: 0.0,
            y: 0.0,
            z: 0.0,
            x_velocity: 1.0,
            y_velocity: 0.0,
            z_velocity: 0.0,
            roll: 0.0,
            pitch: 0.0,
            yaw: 0.0,
            roll_speed: 0.0,
            pitch_speed: 0.0,
            yaw_speed: 3.1415927410125732
        }
21:33:06: [INFO] [/home/eric/projects/warg_bootcamp/autonomy-bootcamp-2025-p2/modules/telemetry/telemetry.py | run | 133] Received ATTITUDE message: ATTITUDE {time_boot_ms : 334, roll : 0.0, pitch : 0.0, yaw : 1.0471975803375244, rollspeed : 0.0, pitchspeed : 0.0, yawspeed : 3.1415927410125732}
21:33:06: [INFO] [/home/eric/projects/warg_bootcamp/autonomy-bootcamp-2025-p2/modules/telemetry/telemetry.py | run | 141] Received LOCAL_POSITION_NED message: LOCAL_POSITION_NED {time_boot_ms : 500, x : 0.5, y : 0.0, z : 0.0, vx : 1.0, vy : 0.0, vz : 0.0}
21:33:06: [INFO] [/home/eric/projects/warg_bootcamp/autonomy-bootcamp-2025-p2/modules/telemetry/telemetry.py | run | 160] Created TelemetryData: {
            time_since_boot: 500,
            x: 0.5,
            y: 0.0,
            z: 0.0,
            x_velocity: 1.0,
            y_velocity: 0.0,
            z_velocity: 0.0,
            roll: 0.0,
            pitch: 0.0,
            yaw: 1.0471975803375244,
            roll_speed: 0.0,
            pitch_speed: 0.0,
            yaw_speed: 3.1415927410125732
        }
21:33:06: [INFO] [/home/eric/projects/warg_bootcamp/autonomy-bootcamp-2025-p2/modules/telemetry/telemetry_worker.py | telemetry_worker | 75] Sent TelemetryData to Command worker: {
            time_since_boot: 500,
            x: 0.5,
            y: 0.0,
            z: 0.0,
            x_velocity: 1.0,
            y_velocity: 0.0,
            z_velocity: 0.0,
            roll: 0.0,
            pitch: 0.0,
            yaw: 1.0471975803375244,
            roll_speed: 0.0,
            pitch_speed: 0.0,
            yaw_speed: 3.1415927410125732
        }
21:33:07: [INFO] [/home/eric/projects/warg_bootcamp/autonomy-bootcamp-2025-p2/modules/telemetry/telemetry.py | run | 133] Received ATTITUDE message: ATTITUDE {time_boot_ms : 667, roll : 0.0, pitch : 0.0, yaw : 2.094395160675049, rollspeed : 0.0, pitchspeed : 0.0, yawspeed : 3.1415927410125732}
21:33:07: [INFO] [/home/eric/projects/warg_bootcamp/autonomy-bootcamp-2025-p2/modules/telemetry/telemetry.py | run | 141] Received LOCAL_POSITION_NED message: LOCAL_POSITION_NED {time_boot_ms : 1000, x : 1.0, y : 0.0, z : 0.0, vx : 1.0, vy : 0.0, vz : 0.0}
21:33:07: [INFO] [/home/eric/projects/warg_bootcamp/autonomy-bootcamp-2025-p2/modules/telemetry/telemetry.py | run | 160] Created TelemetryData: {
            time_since_boot: 1000,
            x: 1.0,
            y: 0.0,
            z: 0.0,
            x_velocity: 1.0,
            y_velocity: 0.0,
            z_velocity: 0.0,
            roll: 0.0,
            pitch: 0.0,
            yaw: 2.094395160675049,
            roll_speed: 0.0,
            pitch_speed: 0.0,
            yaw_speed: 3.1415927410125732
        }
21:33:07: [INFO] [/home/eric/projects/warg_bootcamp/autonomy-bootcamp-2025-p2/modules/telemetry/telemetry_worker.py | telemetry_worker | 75] Sent TelemetryData to Command worker: {
            time_since_boot: 1000,
            x: 1.0,
            y: 0.0,
            z: 0.0,
            x_velocity: 1.0,
            y_velocity: 0.0,
            z_velocity: 0.0,
            roll: 0.0,
            pitch: 0.0,
            yaw: 2.094395160675049,
            roll_speed: 0.0,
            pitch_speed: 0.0,
            yaw_speed: 3.1415927410125732
        }
21:33:07: [INFO] [/home/eric/projects/warg_bootcamp/autonomy-bootcamp-2025-p2/modules/telemetry/telemetry.py | run | 133] Received ATTITUDE message: ATTITUDE {time_boot_ms : 1333, roll : 0.0, pitch : 0.0, yaw : -2.094395160675049, rollspeed : 0.0, pitchspeed : 0.0, yawspeed : 3.1415927410125732}
21:33:07: [INFO] [/home/eric/projects/warg_bootcamp/autonomy-bootcamp-2025-p2/modules/telemetry/telemetry.py | run | 141] Received LOCAL_POSITION_NED message: LOCAL_POSITION_NED {time_boot_ms : 1502, x : 1.5, y : 0.0, z : 0.0, vx : 1.0, vy : 0.0, vz : 0.0}
21:33:07: [INFO] [/home/eric/projects/warg_bootcamp/autonomy-bootcamp-2025-p2/modules/telemetry/telemetry.py | run | 160] Created TelemetryData: {
            time_since_boot: 1502,
            x: 1.5,
            y: 0.0,
            z: 0.0,
            x_velocity: 1.0,
            y_velocity: 0.0,
            z_velocity: 0.0,
            roll: 0.0,
            pitch: 0.0,
            yaw: -2.094395160675049,
            roll_speed: 0.0,
            pitch_speed: 0.0,
            yaw_speed: 3.1415927410125732
        }
21:33:07: [INFO] [/home/eric/projects/warg_bootcamp/autonomy-bootcamp-2025-p2/modules/telemetry/telemetry_worker.py | telemetry_worker | 75] Sent TelemetryData to Command worker: {
            time_since_boot: 1502,
            x: 1.5,
            y: 0.0,
            z: 0.0,
            x_velocity: 1.0,
            y_velocity: 0.0,
            z_velocity: 0.0,
            roll: 0.0,
            pitch: 0.0,
            yaw: -2.094395160675049,
            roll_speed: 0.0,
            pitch_speed: 0.0,
            yaw_speed: 3.1415927410125732
        }
21:33:07: [INFO] [/home/eric/projects/warg_bootcamp/autonomy-bootcamp-2025-p2/modules/telemetry/telemetry.py | run | 133] Received ATTITUDE message: ATTITUDE {time_boot_ms : 1666, roll : 0.0, pitch : 0.0, yaw : -1.0471975803375244, rollspeed : 0.0, pitchspeed : 0.0, yawspeed : 3.1415927410125732}
21:33:08: [INFO] [/home/eric/projects/warg_bootcamp/autonomy-bootcamp-2025-p2/modules/telemetry/telemetry.py | run | 141] Received LOCAL_POSITION_NED message: LOCAL_POSITION_NED {time_boot_ms : 2000, x : 2.0, y : 0.0, z : 0.0, vx : 1.0, vy : 0.0, vz : 0.0}
21:33:08: [INFO] [/home/eric/projects/warg_bootcamp/autonomy-bootcamp-2025-p2/modules/telemetry/telemetry.py | run | 160] Created TelemetryData: {
            time_since_boot: 2000,
            x: 2.0,
            y: 0.0,
            z: 0.0,
            x_velocity: 1.0,
            y_velocity: 0.0,
            z_velocity: 0.0,
            roll: 0.0,
            pitch: 0.0,
            yaw: -1.0471975803375244,
            roll_speed: 0.0,
            pitch_speed: 0.0,
            yaw_speed: 3.1415927410125732
        }
21:33:08: [INFO] [/home/eric/projects/warg_bootcamp/autonomy-bootcamp-2025-p2/modules/telemetry/telemetry_worker.py | telemetry_worker | 75] Sent TelemetryData to Command worker: {
            time_since_boot: 2000,
            x: 2.0,
            y: 0.0,
            z: 0.0,
            x_velocity: 1.0,
            y_velocity: 0.0,
            z_velocity: 0.0,
            roll: 0.0,
            pitch: 0.0,
            yaw: -1.0471975803375244,
            roll_speed: 0.0,
            pitch_speed: 0.0,
            yaw_speed: 3.1415927410125732
        }
21:33:08: [INFO] [/home/eric/projects/warg_bootcamp/autonomy-bootcamp-2025-p2/modules/telemetry/telemetry.py | run | 133] Received ATTITUDE message: ATTITUDE {time_boot_ms : 2343, roll : 0.0, pitch : 0.0, yaw : 1.0471975803375244, rollspeed : 0.0, pitchspeed : 0.0, yawspeed : 3.1415927410125732}
21:33:08: [INFO] [/home/eric/projects/warg_bootcamp/autonomy-bootcamp-2025-p2/modules/telemetry/telemetry.py | run | 141] Received LOCAL_POSITION_NED message: LOCAL_POSITION_NED {time_boot_ms : 2500, x : 2.5, y : 0.0, z : 0.0, vx : 1.0, vy : 0.0, vz : 0.0}
21:33:08: [INFO] [/home/eric/projects/warg_bootcamp/autonomy-bootcamp-2025-p2/modules/telemetry/telemetry.py | run | 160] Created TelemetryData: {
            time_since_boot: 2500,
            x: 2.5,
            y: 0.0,
            z: 0.0,
            x_velocity: 1.0,
            y_velocity: 0.0,
            z_velocity: 0.0,
            roll: 0.0,
            pitch: 0.0,
            yaw: 1.0471975803375244,
            roll_speed: 0.0,
            pitch_speed: 0.0,
            yaw_speed: 3.1415927410125732
        }
21:33:08: [INFO] [/home/eric/projects/warg_bootcamp/autonomy-bootcamp-2025-p2/modules/telemetry/telemetry_worker.py | telemetry_worker | 75] Sent TelemetryData to Command worker: {
            time_since_boot: 2500,
            x: 2.5,
            y: 0.0,
            z: 0.0,
            x_velocity: 1.0,
            y_velocity: 0.0,
            z_velocity: 0.0,
            roll: 0.0,
            pitch: 0.0,
            yaw: 1.0471975803375244,
            roll_speed: 0.0,
            pitch_speed: 0.0,
            yaw_speed: 3.1415927410125732
        }
21:33:08: [INFO] [/home/eric/projects/warg_bootcamp/autonomy-bootcamp-2025-p2/modules/telemetry/telemetry.py | run | 133] Received ATTITUDE message: ATTITUDE {time_boot_ms : 2676, roll : 0.0, pitch : 0.0, yaw : 2.094395160675049, rollspeed : 0.0, pitchspeed : 0.0, yawspeed : 3.1415927410125732}
21:33:09: [INFO] [/home/eric/projects/warg_bootcamp/autonomy-bootcamp-2025-p2/modules/telemetry/telemetry.py | run | 141] Received LOCAL_POSITION_NED message: LOCAL_POSITION_NED {time_boot_ms : 3000, x : 3.0, y : 0.0, z : 0.0, vx : 1.0, vy : 0.0, vz : 0.0}
21:33:09: [INFO] [/home/eric/projects/warg_bootcamp/autonomy-bootcamp-2025-p2/modules/telemetry/telemetry.py | run | 160] Created TelemetryData: {
            time_since_boot: 3000,
            x: 3.0,
            y: 0.0,
            z: 0.0,
            x_velocity: 1.0,
            y_velocity: 0.0,
            z_velocity: 0.0,
            roll: 0.0,
            pitch: 0.0,
            yaw: 2.094395160675049,
            roll_speed: 0.0,
            pitch_speed: 0.0,
            yaw_speed: 3.1415927410125732
        }
21:33:09: [INFO] [/home/eric/projects/warg_bootcamp/autonomy-bootcamp-2025-p2/modules/telemetry/telemetry_worker.py | telemetry_worker | 75] Sent TelemetryData to Command worker: {
            time_since_boot: 3000,
            x: 3.0,
            y: 0.0,
            z: 0.0,
            x_velocity: 1.0,
            y_velocity: 0.0,
            z_velocity: 0.0,
            roll: 0.0,
            pitch: 0.0,
            yaw: 2.094395160675049,
            roll_speed: 0.0,
            pitch_speed: 0.0,
            yaw_speed: 3.1415927410125732
        }
21:33:09: [INFO] [/home/eric/projects/warg_bootcamp/autonomy-bootcamp-2025-p2/modules/telemetry/telemetry.py | run | 133] Received ATTITUDE message: ATTITUDE {time_boot_ms : 3338, roll : 0.0, pitch : 0.0, yaw : -2.094395160675049, rollspeed : 0.0, pitchspeed : 0.0, yawspeed : 3.1415927410125732}
21:33:09: [INFO] [/home/eric/projects/warg_bootcamp/autonomy-bootcamp-2025-p2/modules/telemetry/telemetry.py | run | 141] Received LOCAL_POSITION_NED message: LOCAL_POSITION_NED {time_boot_ms : 3500, x : 3.5, y : 0.0, z : 0.0, vx : 1.0, vy : 0.0, vz : 0.0}
21:33:09: [INFO] [/home/eric/projects/warg_bootcamp/autonomy-bootcamp-2025-p2/modules/telemetry/telemetry.py | run | 160] Created TelemetryData: {
            time_since_boot: 3500,
            x: 3.5,
            y: 0.0,
            z: 0.0,
            x_velocity: 1.0,
            y_velocity: 0.0,
            z_velocity: 0.0,
            roll: 0.0,
            pitch: 0.0,
            yaw: -2.094395160675049,
            roll_speed: 0.0,
            pitch_speed: 0.0,
            yaw_speed: 3.1415927410125732
        }
21:33:09: [INFO] [/home/eric/projects/warg_bootcamp/autonomy-bootcamp-2025-p2/modules/telemetry/telemetry_worker.py | telemetry_worker | 75] Sent TelemetryData to Command worker: {
            time_since_boot: 3500,
            x: 3.5,
            y: 0.0,
            z: 0.0,
            x_velocity: 1.0,
            y_velocity: 0.0,
            z_velocity: 0.0,
            roll: 0.0,
            pitch: 0.0,
            yaw: -2.094395160675049,
            roll_speed: 0.0,
            pitch_speed: 0.0,
            yaw_speed: 3.1415927410125732
        }
21:33:09: [INFO] [/home/eric/projects/warg_bootcamp/autonomy-bootcamp-2025-p2/modules/telemetry/telemetry.py | run | 133] Received ATTITUDE message: ATTITUDE {time_boot_ms : 3707, roll : 0.0, pitch : 0.0, yaw : -1.0471975803375244, rollspeed : 0.0, pitchspeed : 0.0, yawspeed : 3.1415927410125732}
21:33:10: [INFO] [/home/eric/projects/warg_bootcamp/autonomy-bootcamp-2025-p2/modules/telemetry/telemetry.py | run | 141] Received LOCAL_POSITION_NED message: LOCAL_POSITION_NED {time_boot_ms : 4000, x : 4.0, y : 0.0, z : 0.0, vx : 1.0, vy : 0.0, vz : 0.0}
21:33:10: [INFO] [/home/eric/projects/warg_bootcamp/autonomy-bootcamp-2025-p2/modules/telemetry/telemetry.py | run | 160] Created TelemetryData: {
            time_since_boot: 4000,
            x: 4.0,
            y: 0.0,
            z: 0.0,
            x_velocity: 1.0,
            y_velocity: 0.0,
            z_velocity: 0.0,
            roll: 0.0,
            pitch: 0.0,
            yaw: -1.0471975803375244,
            roll_speed: 0.0,
            pitch_speed: 0.0,
            yaw_speed: 3.1415927410125732
        }
21:33:10: [INFO] [/home/eric/projects/warg_bootcamp/autonomy-bootcamp-2025-p2/modules/telemetry/telemetry_worker.py | telemetry_worker | 75] Sent TelemetryData to Command worker: {
            time_since_boot: 4000,
            x: 4.0,
            y: 0.0,
            z: 0.0,
            x_velocity: 1.0,
            y_velocity: 0.0,
            z_velocity: 0.0,
            roll: 0.0,
            pitch: 0.0,
            yaw: -1.0471975803375244,
            roll_speed: 0.0,
            pitch_speed: 0.0,
            yaw_speed: 3.1415927410125732
        }
21:33:10: [INFO] [/home/eric/projects/warg_bootcamp/autonomy-bootcamp-2025-p2/modules/telemetry/telemetry.py | run | 133] Received ATTITUDE message: ATTITUDE {time_boot_ms : 4334, roll : 0.0, pitch : 0.0, yaw : 1.0471975803375244, rollspeed : 0.0, pitchspeed : 0.0, yawspeed : 3.1415927410125732}
21:33:10: [INFO] [/home/eric/projects/warg_bootcamp/autonomy-bootcamp-2025-p2/modules/telemetry/telemetry.py | run | 141] Received LOCAL_POSITION_NED message: LOCAL_POSITION_NED {time_boot_ms : 4510, x : 4.5, y : 0.0, z : 0.0, vx : 1.0, vy : 0.0, vz : 0.0}
21:33:10: [INFO] [/home/eric/projects/warg_bootcamp/autonomy-bootcamp-2025-p2/modules/telemetry/telemetry.py | run | 160] Created TelemetryData: {
            time_since_boot: 4510,
            x: 4.5,
            y: 0.0,
            z: 0.0,
            x_velocity: 1.0,
            y_velocity: 0.0,
            z_velocity: 0.0,
            roll: 0.0,
            pitch: 0.0,
            yaw: 1.0471975803375244,
            roll_speed: 0.0,
            pitch_speed: 0.0,
            yaw_speed: 3.1415927410125732
        }
21:33:10: [INFO] [/home/eric/projects/warg_bootcamp/autonomy-bootcamp-2025-p2/modules/telemetry/telemetry_worker.py | telemetry_worker | 75] Sent TelemetryData to Command worker: {
            time_since_boot: 4510,
            x: 4.5,
            y: 0.0,
            z: 0.0,
            x_velocity: 1.0,
            y_velocity: 0.0,
            z_velocity: 0.0,
            roll: 0.0,
            pitch: 0.0,
            yaw: 1.0471975803375244,
            roll_speed: 0.0,
            pitch_speed: 0.0,
            yaw_speed: 3.1415927410125732
        }
21:33:11: [INFO] [/home/eric/projects/warg_bootcamp/autonomy-bootcamp-2025-p2/modules/telemetry/telemetry.py | run | 133] Received ATTITUDE message: ATTITUDE {time_boot_ms : 4667, roll : 0.0, pitch : 0.0, yaw : 2.094395160675049, rollspeed : 0.0, pitchspeed : 0.0, yawspeed : 3.1415927410125732}
21:33:12: [ERROR] [/home/eric/projects/warg_bootcamp/autonomy-bootcamp-2025-p2/modules/telemetry/telemetry.py | run | 171] Timeout: Missing LOCAL_POSITION_NED message within 1 second
21:33:12: [WARNING] [/home/eric/projects/warg_bootcamp/autonomy-bootcamp-2025-p2/modules/telemetry/telemetry_worker.py | telemetry_worker | 78] Telemetry timeout - restarting collection
21:33:12: [INFO] [/home/eric/projects/warg_bootcamp/autonomy-bootcamp-2025-p2/modules/telemetry/telemetry.py | run | 133] Received ATTITUDE message: ATTITUDE {time_boot_ms : 999, roll : 1.0, pitch : 2.0, yaw : 3.0, rollspeed : 555.0, pitchspeed : 555.0, yawspeed : 555.0}
21:33:13: [ERROR] [/home/eric/projects/warg_bootcamp/autonomy-bootcamp-2025-p2/modules/telemetry/telemetry.py | run | 171] Timeout: Missing LOCAL_POSITION_NED message within 1 second
21:33:13: [WARNING] [/home/eric/projects/warg_bootcamp/autonomy-bootcamp-2025-p2/modules/telemetry/telemetry_worker.py | telemetry_worker | 78] Telemetry timeout - restarting collection
21:33:14: [INFO] [/home/eric/projects/warg_bootcamp/autonomy-bootcamp-2025-p2/modules/telemetry/telemetry.py | run | 133] Received ATTITUDE message: ATTITUDE {time_boot_ms : 0, roll : 0.0, pitch : 0.0, yaw : 0.0, rollspeed : 0.0, pitchspeed : 0.0, yawspeed : 3.1415927410125732}
21:33:14: [INFO] [/home/eric/projects/warg_bootcamp/autonomy-bootcamp-2025-p2/modules/telemetry/telemetry.py | run | 141] Received LOCAL_POSITION_NED message: LOCAL_POSITION_NED {time_boot_ms : 0, x : 0.0, y : 0.0, z : 0.0, vx : 1.0, vy : 0.0, vz : 0.0}
21:33:14: [INFO] [/home/eric/projects/warg_bootcamp/autonomy-bootcamp-2025-p2/modules/telemetry/telemetry.py | run | 160] Created TelemetryData: {
            time_since_boot: 0,
            x: 0.0,
            y: 0.0,
            z: 0.0,
            x_velocity: 1.0,
            y_velocity: 0.0,
            z_velocity: 0.0,
            roll: 0.0,
            pitch: 0.0,
            yaw: 0.0,
            roll_speed: 0.0,
            pitch_speed: 0.0,
            yaw_speed: 3.1415927410125732
        }
21:33:14: [INFO] [/home/eric/projects/warg_bootcamp/autonomy-bootcamp-2025-p2/modules/telemetry/telemetry_worker.py | telemetry_worker | 75] Sent TelemetryData to Command worker: {
            time_since_boot: 0,
            x: 0.0,
            y: 0.0,
            z: 0.0,
            x_velocity: 1.0,
            y_velocity: 0.0,
            z_velocity: 0.0,
            roll: 0.0,
            pitch: 0.0,
            yaw: 0.0,
            roll_speed: 0.0,
            pitch_speed: 0.0,
            yaw_speed: 3.1415927410125732
        }
21:33:14: [INFO] [/home/eric/projects/warg_bootcamp/autonomy-bootcamp-2025-p2/modules/telemetry/telemetry.py | run | 133] Received ATTITUDE message: ATTITUDE {time_boot_ms : 500, roll : 0.0, pitch : 0.0, yaw : 1.5707963705062866, rollspeed : 0.0, pitchspeed : 0.0, yawspeed : 3.1415927410125732}
21:33:14: [INFO] [/home/eric/projects/warg_bootcamp/autonomy-bootcamp-2025-p2/modules/telemetry/telemetry.py | run | 141] Received LOCAL_POSITION_NED message: LOCAL_POSITION_NED {time_boot_ms : 674, x : 0.6666666865348816, y : 0.0, z : 0.0, vx : 1.0, vy : 0.0, vz : 0.0}
21:33:14: [INFO] [/home/eric/projects/warg_bootcamp/autonomy-bootcamp-2025-p2/modules/telemetry/telemetry.py | run | 160] Created TelemetryData: {
            time_since_boot: 674,
            x: 0.6666666865348816,
            y: 0.0,
            z: 0.0,
            x_velocity: 1.0,
            y_velocity: 0.0,
            z_velocity: 0.0,
            roll: 0.0,
            pitch: 0.0,
            yaw: 1.5707963705062866,
            roll_speed: 0.0,
            pitch_speed: 0.0,
            yaw_speed: 3.1415927410125732
        }
21:33:14: [INFO] [/home/eric/projects/warg_bootcamp/autonomy-bootcamp-2025-p2/modules/telemetry/telemetry_worker.py | telemetry_worker | 75] Sent TelemetryData to Command worker: {
            time_since_boot: 674,
            x: 0.6666666865348816,
            y: 0.0,
            z: 0.0,
            x_velocity: 1.0,
            y_velocity: 0.0,
            z_velocity: 0.0,
            roll: 0.0,
            pitch: 0.0,
            yaw: 1.5707963705062866,
            roll_speed: 0.0,
            pitch_speed: 0.0,
            yaw_speed: 3.1415927410125732
        }
21:33:15: [INFO] [/home/eric/projects/warg_bootcamp/autonomy-bootcamp-2025-p2/modules/telemetry/telemetry.py | run | 133] Received ATTITUDE message: ATTITUDE {time_boot_ms : 1000, roll : 0.0, pitch : 0.0, yaw : 3.1415927410125732, rollspeed : 0.0, pitchspeed : 0.0, yawspeed : 3.1415927410125732}
21:33:15: [INFO] [/home/eric/projects/warg_bootcamp/autonomy-bootcamp-2025-p2/modules/telemetry/telemetry.py | run | 141] Received LOCAL_POSITION_NED message: LOCAL_POSITION_NED {time_boot_ms : 1000, x : 1.0, y : 0.0, z : 0.0, vx : 1.0, vy : 0.0, vz : 0.0}
21:33:15: [INFO] [/home/eric/projects/warg_bootcamp/autonomy-bootcamp-2025-p2/modules/telemetry/telemetry.py | run | 160] Created TelemetryData: {
            time_since_boot: 1000,
            x: 1.0,
            y: 0.0,
            z: 0.0,
            x_velocity: 1.0,
            y_velocity: 0.0,
            z_velocity: 0.0,
            roll: 0.0,
            pitch: 0.0,
            yaw: 3.1415927410125732,
            roll_speed: 0.0,
            pitch_speed: 0.0,
            yaw_speed: 3.1415927410125732
        }
21:33:15: [INFO] [/home/eric/projects/warg_bootcamp/autonomy-bootcamp-2025-p2/modules/telemetry/telemetry_worker.py | telemetry_worker | 75] Sent TelemetryData to Command worker: {
            time_since_boot: 1000,
            x: 1.0,
            y: 0.0,
            z: 0.0,
            x_velocity: 1.0,
            y_velocity: 0.0,
            z_velocity: 0.0,
            roll: 0.0,
            pitch: 0.0,
            yaw: 3.1415927410125732,
            roll_speed: 0.0,
            pitch_speed: 0.0,
            yaw_speed: 3.1415927410125732
        }
21:33:15: [INFO] [/home/eric/projects/warg_bootcamp/autonomy-bootcamp-2025-p2/modules/telemetry/telemetry.py | run | 133] Received ATTITUDE message: ATTITUDE {time_boot_ms : 1503, roll : 0.0, pitch : 0.0, yaw : -1.5707963705062866, rollspeed : 0.0, pitchspeed : 0.0, yawspeed : 3.1415927410125732}
21:33:15: [INFO] [/home/eric/projects/warg_bootcamp/autonomy-bootcamp-2025-p2/modules/telemetry/telemetry.py | run | 141] Received LOCAL_POSITION_NED message: LOCAL_POSITION_NED {time_boot_ms : 1666, x : 1.6666666269302368, y : 0.0, z : 0.0, vx : 1.0, vy : 0.0, vz : 0.0}
21:33:15: [INFO] [/home/eric/projects/warg_bootcamp/autonomy-bootcamp-2025-p2/modules/telemetry/telemetry.py | run | 160] Created TelemetryData: {
            time_since_boot: 1666,
            x: 1.6666666269302368,
            y: 0.0,
            z: 0.0,
            x_velocity: 1.0,
            y_velocity: 0.0,
            z_velocity: 0.0,
            roll: 0.0,
            pitch: 0.0,
            yaw: -1.5707963705062866,
            roll_speed: 0.0,
            pitch_speed: 0.0,
            yaw_speed: 3.1415927410125732
        }
21:33:15: [INFO] [/home/eric/projects/warg_bootcamp/autonomy-bootcamp-2025-p2/modules/telemetry/telemetry_worker.py | telemetry_worker | 75] Sent TelemetryData to Command worker: {
            time_since_boot: 1666,
            x: 1.6666666269302368,
            y: 0.0,
            z: 0.0,
            x_velocity: 1.0,
            y_velocity: 0.0,
            z_velocity: 0.0,
            roll: 0.0,
            pitch: 0.0,
            yaw: -1.5707963705062866,
            roll_speed: 0.0,
            pitch_speed: 0.0,
            yaw_speed: 3.1415927410125732
        }
21:33:16: [INFO] [/home/eric/projects/warg_bootcamp/autonomy-bootcamp-2025-p2/modules/telemetry/telemetry.py | run | 133] Received ATTITUDE message: ATTITUDE {time_boot_ms : 2000, roll : 0.0, pitch : 0.0, yaw : 0.0, rollspeed : 0.0, pitchspeed : 0.0, yawspeed : 3.1415927410125732}
21:33:16: [INFO] [/home/eric/projects/warg_bootcamp/autonomy-bootcamp-2025-p2/modules/telemetry/telemetry.py | run | 141] Received LOCAL_POSITION_NED message: LOCAL_POSITION_NED {time_boot_ms : 2000, x : 2.0, y : 0.0, z : 0.0, vx : 1.0, vy : 0.0, vz : 0.0}
21:33:16: [INFO] [/home/eric/projects/warg_bootcamp/autonomy-bootcamp-2025-p2/modules/telemetry/telemetry.py | run | 160] Created TelemetryData: {
            time_since_boot: 2000,
            x: 2.0,
            y: 0.0,
            z: 0.0,
            x_velocity: 1.0,
            y_velocity: 0.0,
            z_velocity: 0.0,
            roll: 0.0,
            pitch: 0.0,
            yaw: 0.0,
            roll_speed: 0.0,
            pitch_speed: 0.0,
            yaw_speed: 3.1415927410125732
        }
21:33:16: [INFO] [/home/eric/projects/warg_bootcamp/autonomy-bootcamp-2025-p2/modules/telemetry/telemetry_worker.py | telemetry_worker | 75] Sent TelemetryData to Command worker: {
            time_since_boot: 2000,
            x: 2.0,
            y: 0.0,
            z: 0.0,
            x_velocity: 1.0,
            y_velocity: 0.0,
            z_velocity: 0.0,
            roll: 0.0,
            pitch: 0.0,
            yaw: 0.0,
            roll_speed: 0.0,
            pitch_speed: 0.0,
            yaw_speed: 3.1415927410125732
        }
21:33:16: [INFO] [/home/eric/projects/warg_bootcamp/autonomy-bootcamp-2025-p2/modules/telemetry/telemetry.py | run | 141] Received LOCAL_POSITION_NED message: LOCAL_POSITION_NED {time_boot_ms : 2669, x : 2.6666667461395264, y : 0.0, z : 0.0, vx : 1.0, vy : 0.0, vz : 0.0}
21:33:17: [INFO] [/home/eric/projects/warg_bootcamp/autonomy-bootcamp-2025-p2/modules/telemetry/telemetry.py | run | 133] Received ATTITUDE message: ATTITUDE {time_boot_ms : 3000, roll : 0.0, pitch : 0.0, yaw : 3.1415927410125732, rollspeed : 0.0, pitchspeed : 0.0, yawspeed : 3.1415927410125732}
21:33:17: [INFO] [/home/eric/projects/warg_bootcamp/autonomy-bootcamp-2025-p2/modules/telemetry/telemetry.py | run | 160] Created TelemetryData: {
            time_since_boot: 3000,
            x: 2.6666667461395264,
            y: 0.0,
            z: 0.0,
            x_velocity: 1.0,
            y_velocity: 0.0,
            z_velocity: 0.0,
            roll: 0.0,
            pitch: 0.0,
            yaw: 3.1415927410125732,
            roll_speed: 0.0,
            pitch_speed: 0.0,
            yaw_speed: 3.1415927410125732
        }
21:33:17: [INFO] [/home/eric/projects/warg_bootcamp/autonomy-bootcamp-2025-p2/modules/telemetry/telemetry_worker.py | telemetry_worker | 75] Sent TelemetryData to Command worker: {
            time_since_boot: 3000,
            x: 2.6666667461395264,
            y: 0.0,
            z: 0.0,
            x_velocity: 1.0,
            y_velocity: 0.0,
            z_velocity: 0.0,
            roll: 0.0,
            pitch: 0.0,
            yaw: 3.1415927410125732,
            roll_speed: 0.0,
            pitch_speed: 0.0,
            yaw_speed: 3.1415927410125732
        }
21:33:17: [INFO] [/home/eric/projects/warg_bootcamp/autonomy-bootcamp-2025-p2/modules/telemetry/telemetry.py | run | 133] Received ATTITUDE message: ATTITUDE {time_boot_ms : 3500, roll : 0.0, pitch : 0.0, yaw : -1.5707963705062866, rollspeed : 0.0, pitchspeed : 0.0, yawspeed : 3.1415927410125732}
21:33:17: [INFO] [/home/eric/projects/warg_bootcamp/autonomy-bootcamp-2025-p2/modules/telemetry/telemetry.py | run | 141] Received LOCAL_POSITION_NED message: LOCAL_POSITION_NED {time_boot_ms : 3666, x : 3.6666667461395264, y : 0.0, z : 0.0, vx : 1.0, vy : 0.0, vz : 0.0}
21:33:17: [INFO] [/home/eric/projects/warg_bootcamp/autonomy-bootcamp-2025-p2/modules/telemetry/telemetry.py | run | 160] Created TelemetryData: {
            time_since_boot: 3666,
            x: 3.6666667461395264,
            y: 0.0,
            z: 0.0,
            x_velocity: 1.0,
            y_velocity: 0.0,
            z_velocity: 0.0,
            roll: 0.0,
            pitch: 0.0,
            yaw: -1.5707963705062866,
            roll_speed: 0.0,
            pitch_speed: 0.0,
            yaw_speed: 3.1415927410125732
        }
21:33:17: [INFO] [/home/eric/projects/warg_bootcamp/autonomy-bootcamp-2025-p2/modules/telemetry/telemetry_worker.py | telemetry_worker | 75] Sent TelemetryData to Command worker: {
            time_since_boot: 3666,
            x: 3.6666667461395264,
            y: 0.0,
            z: 0.0,
            x_velocity: 1.0,
            y_velocity: 0.0,
            z_velocity: 0.0,
            roll: 0.0,
            pitch: 0.0,
            yaw: -1.5707963705062866,
            roll_speed: 0.0,
            pitch_speed: 0.0,
            yaw_speed: 3.1415927410125732
        }
21:33:18: [INFO] [/home/eric/projects/warg_bootcamp/autonomy-bootcamp-2025-p2/modules/telemetry/telemetry.py | run | 133] Received ATTITUDE message: ATTITUDE {time_boot_ms : 4000, roll : 0.0, pitch : 0.0, yaw : 0.0, rollspeed : 0.0, pitchspeed : 0.0, yawspeed : 3.1415927410125732}
21:33:18: [INFO] [/home/eric/projects/warg_bootcamp/autonomy-bootcamp-2025-p2/modules/telemetry/telemetry.py | run | 141] Received LOCAL_POSITION_NED message: LOCAL_POSITION_NED {time_boot_ms : 4000, x : 4.0, y : 0.0, z : 0.0, vx : 1.0, vy : 0.0, vz : 0.0}
21:33:18: [INFO] [/home/eric/projects/warg_bootcamp/autonomy-bootcamp-2025-p2/modules/telemetry/telemetry.py | run | 160] Created TelemetryData: {
            time_since_boot: 4000,
            x: 4.0,
            y: 0.0,
            z: 0.0,
            x_velocity: 1.0,
            y_velocity: 0.0,
            z_velocity: 0.0,
            roll: 0.0,
            pitch: 0.0,
            yaw: 0.0,
            roll_speed: 0.0,
            pitch_speed: 0.0,
            yaw_speed: 3.1415927410125732
        }
21:33:18: [INFO] [/home/eric/projects/warg_bootcamp/autonomy-bootcamp-2025-p2/modules/telemetry/telemetry_worker.py | telemetry_worker | 75] Sent TelemetryData to Command worker: {
            time_since_boot: 4000,
            x: 4.0,
            y: 0.0,
            z: 0.0,
            x_velocity: 1.0,
            y_velocity: 0.0,
            z_velocity: 0.0,
            roll: 0.0,
            pitch: 0.0,
            yaw: 0.0,
            roll_speed: 0.0,
            pitch_speed: 0.0,
            yaw_speed: 3.1415927410125732
        }
21:33:18: [INFO] [/home/eric/projects/warg_bootcamp/autonomy-bootcamp-2025-p2/modules/telemetry/telemetry.py | run | 133] Received ATTITUDE message: ATTITUDE {time_boot_ms : 4500, roll : 0.0, pitch : 0.0, yaw : 1.5707963705062866, rollspeed : 0.0, pitchspeed : 0.0, yawspeed : 3.1415927410125732}
21:33:18: [INFO] [/home/eric/projects/warg_bootcamp/autonomy-bootcamp-2025-p2/modules/telemetry/telemetry.py | run | 141] Received LOCAL_POSITION_NED message: LOCAL_POSITION_NED {time_boot_ms : 4666, x : 4.666666507720947, y : 0.0, z : 0.0, vx : 1.0, vy : 0.0, vz : 0.0}
21:33:18: [INFO] [/home/eric/projects/warg_bootcamp/autonomy-bootcamp-2025-p2/modules/telemetry/telemetry.py | run | 160] Created TelemetryData: {
            time_since_boot: 4666,
            x: 4.666666507720947,
            y: 0.0,
            z: 0.0,
            x_velocity: 1.0,
            y_velocity: 0.0,
            z_velocity: 0.0,
            roll: 0.0,
            pitch: 0.0,
            yaw: 1.5707963705062866,
            roll_speed: 0.0,
            pitch_speed: 0.0,
            yaw_speed: 3.1415927410125732
        }
21:33:18: [INFO] [/home/eric/projects/warg_bootcamp/autonomy-bootcamp-2025-p2/modules/telemetry/telemetry_worker.py | telemetry_worker | 75] Sent TelemetryData to Command worker: {
            time_since_boot: 4666,
            x: 4.666666507720947,
            y: 0.0,
            z: 0.0,
            x_velocity: 1.0,
            y_velocity: 0.0,
            z_velocity: 0.0,
            roll: 0.0,
            pitch: 0.0,
            yaw: 1.5707963705062866,
            roll_speed: 0.0,
            pitch_speed: 0.0,
            yaw_speed: 3.1415927410125732
        }
21:33:20: [ERROR] [/home/eric/projects/warg_bootcamp/autonomy-bootcamp-2025-p2/modules/telemetry/telemetry.py | run | 167] Timeout: No ATTITUDE or LOCAL_POSITION_NED messages received within 1 second
21:33:20: [WARNING] [/home/eric/projects/warg_bootcamp/autonomy-bootcamp-2025-p2/modules/telemetry/telemetry_worker.py | telemetry_worker | 78] Telemetry timeout - restarting collection
21:33:20: [INFO] [/home/eric/projects/warg_bootcamp/autonomy-bootcamp-2025-p2/modules/telemetry/telemetry_worker.py | telemetry_worker | 86] Telemetry worker exiting gracefully
