05:26:26: [INFO] [/home/eric/projects/warg_bootcamp/autonomy-bootcamp-2025-p2/modules/heartbeat/heartbeat_receiver_worker.py | heartbeat_receiver_worker | 49] Logger initialized
05:26:26: [INFO] [/home/eric/projects/warg_bootcamp/autonomy-bootcamp-2025-p2/modules/heartbeat/heartbeat_receiver.py | __init__ | 56] HeartbeatReceiver initialized
05:26:26: [INFO] [/home/eric/projects/warg_bootcamp/autonomy-bootcamp-2025-p2/modules/heartbeat/heartbeat_receiver.py | create | 37] HeartbeatReceiver created successfully
05:26:26: [INFO] [/home/eric/projects/warg_bootcamp/autonomy-bootcamp-2025-p2/modules/heartbeat/heartbeat_receiver_worker.py | heartbeat_receiver_worker | 61] HeartbeatReceiver created successfully
05:26:26: [WARNING] [/home/eric/projects/warg_bootcamp/autonomy-bootcamp-2025-p2/modules/heartbeat/heartbeat_receiver.py | run | 80] Missed heartbeat #1
05:26:26: [INFO] [/home/eric/projects/warg_bootcamp/autonomy-bootcamp-2025-p2/modules/heartbeat/heartbeat_receiver_worker.py | heartbeat_receiver_worker | 70] Reported state: Disconnected
05:26:27: [WARNING] [/home/eric/projects/warg_bootcamp/autonomy-bootcamp-2025-p2/modules/heartbeat/heartbeat_receiver.py | run | 80] Missed heartbeat #2
05:26:27: [INFO] [/home/eric/projects/warg_bootcamp/autonomy-bootcamp-2025-p2/modules/heartbeat/heartbeat_receiver_worker.py | heartbeat_receiver_worker | 70] Reported state: Disconnected
05:26:28: [WARNING] [/home/eric/projects/warg_bootcamp/autonomy-bootcamp-2025-p2/modules/heartbeat/heartbeat_receiver.py | run | 80] Missed heartbeat #3
05:26:28: [INFO] [/home/eric/projects/warg_bootcamp/autonomy-bootcamp-2025-p2/modules/heartbeat/heartbeat_receiver_worker.py | heartbeat_receiver_worker | 70] Reported state: Disconnected
05:26:29: [WARNING] [/home/eric/projects/warg_bootcamp/autonomy-bootcamp-2025-p2/modules/heartbeat/heartbeat_receiver.py | run | 80] Missed heartbeat #4
05:26:29: [INFO] [/home/eric/projects/warg_bootcamp/autonomy-bootcamp-2025-p2/modules/heartbeat/heartbeat_receiver_worker.py | heartbeat_receiver_worker | 70] Reported state: Disconnected
05:26:30: [WARNING] [/home/eric/projects/warg_bootcamp/autonomy-bootcamp-2025-p2/modules/heartbeat/heartbeat_receiver.py | run | 80] Missed heartbeat #5
05:26:30: [INFO] [/home/eric/projects/warg_bootcamp/autonomy-bootcamp-2025-p2/modules/heartbeat/heartbeat_receiver_worker.py | heartbeat_receiver_worker | 70] Reported state: Disconnected
05:26:32: [WARNING] [/home/eric/projects/warg_bootcamp/autonomy-bootcamp-2025-p2/modules/heartbeat/heartbeat_receiver.py | run | 80] Missed heartbeat #6
05:26:32: [INFO] [/home/eric/projects/warg_bootcamp/autonomy-bootcamp-2025-p2/modules/heartbeat/heartbeat_receiver_worker.py | heartbeat_receiver_worker | 70] Reported state: Disconnected
05:26:33: [WARNING] [/home/eric/projects/warg_bootcamp/autonomy-bootcamp-2025-p2/modules/heartbeat/heartbeat_receiver.py | run | 80] Missed heartbeat #7
05:26:33: [INFO] [/home/eric/projects/warg_bootcamp/autonomy-bootcamp-2025-p2/modules/heartbeat/heartbeat_receiver_worker.py | heartbeat_receiver_worker | 70] Reported state: Disconnected
05:26:34: [WARNING] [/home/eric/projects/warg_bootcamp/autonomy-bootcamp-2025-p2/modules/heartbeat/heartbeat_receiver.py | run | 80] Missed heartbeat #8
05:26:34: [INFO] [/home/eric/projects/warg_bootcamp/autonomy-bootcamp-2025-p2/modules/heartbeat/heartbeat_receiver_worker.py | heartbeat_receiver_worker | 70] Reported state: Disconnected
05:26:35: [WARNING] [/home/eric/projects/warg_bootcamp/autonomy-bootcamp-2025-p2/modules/heartbeat/heartbeat_receiver.py | run | 80] Missed heartbeat #9
05:26:35: [INFO] [/home/eric/projects/warg_bootcamp/autonomy-bootcamp-2025-p2/modules/heartbeat/heartbeat_receiver_worker.py | heartbeat_receiver_worker | 70] Reported state: Disconnected
05:26:36: [WARNING] [/home/eric/projects/warg_bootcamp/autonomy-bootcamp-2025-p2/modules/heartbeat/heartbeat_receiver.py | run | 80] Missed heartbeat #10
05:26:36: [INFO] [/home/eric/projects/warg_bootcamp/autonomy-bootcamp-2025-p2/modules/heartbeat/heartbeat_receiver_worker.py | heartbeat_receiver_worker | 70] Reported state: Disconnected
05:26:37: [WARNING] [/home/eric/projects/warg_bootcamp/autonomy-bootcamp-2025-p2/modules/heartbeat/heartbeat_receiver.py | run | 80] Missed heartbeat #11
05:26:37: [INFO] [/home/eric/projects/warg_bootcamp/autonomy-bootcamp-2025-p2/modules/heartbeat/heartbeat_receiver_worker.py | heartbeat_receiver_worker | 70] Reported state: Disconnected
05:26:38: [WARNING] [/home/eric/projects/warg_bootcamp/autonomy-bootcamp-2025-p2/modules/heartbeat/heartbeat_receiver.py | run | 80] Missed heartbeat #12
05:26:38: [INFO] [/home/eric/projects/warg_bootcamp/autonomy-bootcamp-2025-p2/modules/heartbeat/heartbeat_receiver_worker.py | heartbeat_receiver_worker | 70] Reported state: Disconnected
05:26:39: [WARNING] [/home/eric/projects/warg_bootcamp/autonomy-bootcamp-2025-p2/modules/heartbeat/heartbeat_receiver.py | run | 80] Missed heartbeat #13
05:26:39: [INFO] [/home/eric/projects/warg_bootcamp/autonomy-bootcamp-2025-p2/modules/heartbeat/heartbeat_receiver_worker.py | heartbeat_receiver_worker | 70] Reported state: Disconnected
05:26:40: [WARNING] [/home/eric/projects/warg_bootcamp/autonomy-bootcamp-2025-p2/modules/heartbeat/heartbeat_receiver.py | run | 80] Missed heartbeat #14
05:26:40: [INFO] [/home/eric/projects/warg_bootcamp/autonomy-bootcamp-2025-p2/modules/heartbeat/heartbeat_receiver_worker.py | heartbeat_receiver_worker | 70] Reported state: Disconnected
05:26:41: [WARNING] [/home/eric/projects/warg_bootcamp/autonomy-bootcamp-2025-p2/modules/heartbeat/heartbeat_receiver.py | run | 80] Missed heartbeat #15
05:26:41: [INFO] [/home/eric/projects/warg_bootcamp/autonomy-bootcamp-2025-p2/modules/heartbeat/heartbeat_receiver_worker.py | heartbeat_receiver_worker | 70] Reported state: Disconnected
05:26:42: [WARNING] [/home/eric/projects/warg_bootcamp/autonomy-bootcamp-2025-p2/modules/heartbeat/heartbeat_receiver.py | run | 80] Missed heartbeat #16
05:26:42: [INFO] [/home/eric/projects/warg_bootcamp/autonomy-bootcamp-2025-p2/modules/heartbeat/heartbeat_receiver_worker.py | heartbeat_receiver_worker | 70] Reported state: Disconnected
05:26:43: [WARNING] [/home/eric/projects/warg_bootcamp/autonomy-bootcamp-2025-p2/modules/heartbeat/heartbeat_receiver.py | run | 80] Missed heartbeat #17
05:26:43: [INFO] [/home/eric/projects/warg_bootcamp/autonomy-bootcamp-2025-p2/modules/heartbeat/heartbeat_receiver_worker.py | heartbeat_receiver_worker | 70] Reported state: Disconnected
05:26:44: [WARNING] [/home/eric/projects/warg_bootcamp/autonomy-bootcamp-2025-p2/modules/heartbeat/heartbeat_receiver.py | run | 80] Missed heartbeat #18
05:26:44: [INFO] [/home/eric/projects/warg_bootcamp/autonomy-bootcamp-2025-p2/modules/heartbeat/heartbeat_receiver_worker.py | heartbeat_receiver_worker | 70] Reported state: Disconnected
05:26:45: [WARNING] [/home/eric/projects/warg_bootcamp/autonomy-bootcamp-2025-p2/modules/heartbeat/heartbeat_receiver.py | run | 80] Missed heartbeat #19
05:26:45: [INFO] [/home/eric/projects/warg_bootcamp/autonomy-bootcamp-2025-p2/modules/heartbeat/heartbeat_receiver_worker.py | heartbeat_receiver_worker | 70] Reported state: Disconnected
