02:27:50: [INFO] [/home/eric/projects/warg_bootcamp/autonomy-bootcamp-2025-p2/modules/common/modules/logger/logger_main_setup.py | setup_main_logger | 62] main logger initialized
02:27:52: [INFO] [/home/eric/projects/warg_bootcamp/autonomy-bootcamp-2025-p2/tests/integration/test_telemetry.py | main | 115] Connected!
02:27:52: [INFO] [/home/eric/projects/warg_bootcamp/autonomy-bootcamp-2025-p2/tests/integration/test_telemetry.py | read_queue | 70] Received TelemetryData: {
            time_since_boot: 0,
            x: 0.0,
            y: 0.0,
            z: 0.0,
            x_velocity: 1.0,
            y_velocity: 0.0,
            z_velocity: 0.0,
            roll: 0.0,
            pitch: 0.0,
            yaw: 0.0,
            roll_speed: 0.0,
            pitch_speed: 0.0,
            yaw_speed: 3.1415927410125732
        }
02:27:53: [INFO] [/home/eric/projects/warg_bootcamp/autonomy-bootcamp-2025-p2/tests/integration/test_telemetry.py | read_queue | 70] Received TelemetryData: {
            time_since_boot: 500,
            x: 0.5,
            y: 0.0,
            z: 0.0,
            x_velocity: 1.0,
            y_velocity: 0.0,
            z_velocity: 0.0,
            roll: 0.0,
            pitch: 0.0,
            yaw: 1.0471975803375244,
            roll_speed: 0.0,
            pitch_speed: 0.0,
            yaw_speed: 3.1415927410125732
        }
02:27:53: [INFO] [/home/eric/projects/warg_bootcamp/autonomy-bootcamp-2025-p2/tests/integration/test_telemetry.py | read_queue | 70] Received TelemetryData: {
            time_since_boot: 1000,
            x: 1.0,
            y: 0.0,
            z: 0.0,
            x_velocity: 1.0,
            y_velocity: 0.0,
            z_velocity: 0.0,
            roll: 0.0,
            pitch: 0.0,
            yaw: 2.094395160675049,
            roll_speed: 0.0,
            pitch_speed: 0.0,
            yaw_speed: 3.1415927410125732
        }
02:27:54: [INFO] [/home/eric/projects/warg_bootcamp/autonomy-bootcamp-2025-p2/tests/integration/test_telemetry.py | read_queue | 70] Received TelemetryData: {
            time_since_boot: 1500,
            x: 1.5,
            y: 0.0,
            z: 0.0,
            x_velocity: 1.0,
            y_velocity: 0.0,
            z_velocity: 0.0,
            roll: 0.0,
            pitch: 0.0,
            yaw: -2.094395160675049,
            roll_speed: 0.0,
            pitch_speed: 0.0,
            yaw_speed: 3.1415927410125732
        }
02:27:54: [INFO] [/home/eric/projects/warg_bootcamp/autonomy-bootcamp-2025-p2/tests/integration/test_telemetry.py | read_queue | 70] Received TelemetryData: {
            time_since_boot: 2000,
            x: 2.0,
            y: 0.0,
            z: 0.0,
            x_velocity: 1.0,
            y_velocity: 0.0,
            z_velocity: 0.0,
            roll: 0.0,
            pitch: 0.0,
            yaw: -1.0471975803375244,
            roll_speed: 0.0,
            pitch_speed: 0.0,
            yaw_speed: 3.1415927410125732
        }
02:27:55: [INFO] [/home/eric/projects/warg_bootcamp/autonomy-bootcamp-2025-p2/tests/integration/test_telemetry.py | read_queue | 70] Received TelemetryData: {
            time_since_boot: 2501,
            x: 2.5,
            y: 0.0,
            z: 0.0,
            x_velocity: 1.0,
            y_velocity: 0.0,
            z_velocity: 0.0,
            roll: 0.0,
            pitch: 0.0,
            yaw: 1.0471975803375244,
            roll_speed: 0.0,
            pitch_speed: 0.0,
            yaw_speed: 3.1415927410125732
        }
02:27:55: [INFO] [/home/eric/projects/warg_bootcamp/autonomy-bootcamp-2025-p2/tests/integration/test_telemetry.py | read_queue | 70] Received TelemetryData: {
            time_since_boot: 3000,
            x: 3.0,
            y: 0.0,
            z: 0.0,
            x_velocity: 1.0,
            y_velocity: 0.0,
            z_velocity: 0.0,
            roll: 0.0,
            pitch: 0.0,
            yaw: 2.094395160675049,
            roll_speed: 0.0,
            pitch_speed: 0.0,
            yaw_speed: 3.1415927410125732
        }
02:27:56: [INFO] [/home/eric/projects/warg_bootcamp/autonomy-bootcamp-2025-p2/tests/integration/test_telemetry.py | read_queue | 70] Received TelemetryData: {
            time_since_boot: 3500,
            x: 3.5,
            y: 0.0,
            z: 0.0,
            x_velocity: 1.0,
            y_velocity: 0.0,
            z_velocity: 0.0,
            roll: 0.0,
            pitch: 0.0,
            yaw: -2.094395160675049,
            roll_speed: 0.0,
            pitch_speed: 0.0,
            yaw_speed: 3.1415927410125732
        }
02:27:56: [INFO] [/home/eric/projects/warg_bootcamp/autonomy-bootcamp-2025-p2/tests/integration/test_telemetry.py | read_queue | 70] Received TelemetryData: {
            time_since_boot: 4000,
            x: 4.0,
            y: 0.0,
            z: 0.0,
            x_velocity: 1.0,
            y_velocity: 0.0,
            z_velocity: 0.0,
            roll: 0.0,
            pitch: 0.0,
            yaw: -1.0471975803375244,
            roll_speed: 0.0,
            pitch_speed: 0.0,
            yaw_speed: 3.1415927410125732
        }
02:27:57: [INFO] [/home/eric/projects/warg_bootcamp/autonomy-bootcamp-2025-p2/tests/integration/test_telemetry.py | read_queue | 70] Received TelemetryData: {
            time_since_boot: 4503,
            x: 4.5,
            y: 0.0,
            z: 0.0,
            x_velocity: 1.0,
            y_velocity: 0.0,
            z_velocity: 0.0,
            roll: 0.0,
            pitch: 0.0,
            yaw: 1.0471975803375244,
            roll_speed: 0.0,
            pitch_speed: 0.0,
            yaw_speed: 3.1415927410125732
        }
02:28:00: [INFO] [/home/eric/projects/warg_bootcamp/autonomy-bootcamp-2025-p2/tests/integration/test_telemetry.py | read_queue | 70] Received TelemetryData: {
            time_since_boot: 0,
            x: 0.0,
            y: 0.0,
            z: 0.0,
            x_velocity: 1.0,
            y_velocity: 0.0,
            z_velocity: 0.0,
            roll: 0.0,
            pitch: 0.0,
            yaw: 0.0,
            roll_speed: 0.0,
            pitch_speed: 0.0,
            yaw_speed: 3.1415927410125732
        }
02:28:01: [INFO] [/home/eric/projects/warg_bootcamp/autonomy-bootcamp-2025-p2/tests/integration/test_telemetry.py | read_queue | 70] Received TelemetryData: {
            time_since_boot: 500,
            x: 0.3333333432674408,
            y: 0.0,
            z: 0.0,
            x_velocity: 1.0,
            y_velocity: 0.0,
            z_velocity: 0.0,
            roll: 0.0,
            pitch: 0.0,
            yaw: 1.5707963705062866,
            roll_speed: 0.0,
            pitch_speed: 0.0,
            yaw_speed: 3.1415927410125732
        }
02:28:01: [INFO] [/home/eric/projects/warg_bootcamp/autonomy-bootcamp-2025-p2/tests/integration/test_telemetry.py | read_queue | 70] Received TelemetryData: {
            time_since_boot: 1000,
            x: 1.0,
            y: 0.0,
            z: 0.0,
            x_velocity: 1.0,
            y_velocity: 0.0,
            z_velocity: 0.0,
            roll: 0.0,
            pitch: 0.0,
            yaw: 3.1415927410125732,
            roll_speed: 0.0,
            pitch_speed: 0.0,
            yaw_speed: 3.1415927410125732
        }
02:28:02: [INFO] [/home/eric/projects/warg_bootcamp/autonomy-bootcamp-2025-p2/tests/integration/test_telemetry.py | read_queue | 70] Received TelemetryData: {
            time_since_boot: 1666,
            x: 1.6666666269302368,
            y: 0.0,
            z: 0.0,
            x_velocity: 1.0,
            y_velocity: 0.0,
            z_velocity: 0.0,
            roll: 0.0,
            pitch: 0.0,
            yaw: -1.5707963705062866,
            roll_speed: 0.0,
            pitch_speed: 0.0,
            yaw_speed: 3.1415927410125732
        }
02:28:02: [INFO] [/home/eric/projects/warg_bootcamp/autonomy-bootcamp-2025-p2/tests/integration/test_telemetry.py | read_queue | 70] Received TelemetryData: {
            time_since_boot: 2000,
            x: 2.0,
            y: 0.0,
            z: 0.0,
            x_velocity: 1.0,
            y_velocity: 0.0,
            z_velocity: 0.0,
            roll: 0.0,
            pitch: 0.0,
            yaw: 0.0,
            roll_speed: 0.0,
            pitch_speed: 0.0,
            yaw_speed: 3.1415927410125732
        }
02:28:03: [INFO] [/home/eric/projects/warg_bootcamp/autonomy-bootcamp-2025-p2/tests/integration/test_telemetry.py | read_queue | 70] Received TelemetryData: {
            time_since_boot: 2666,
            x: 2.6666667461395264,
            y: 0.0,
            z: 0.0,
            x_velocity: 1.0,
            y_velocity: 0.0,
            z_velocity: 0.0,
            roll: 0.0,
            pitch: 0.0,
            yaw: 1.5707963705062866,
            roll_speed: 0.0,
            pitch_speed: 0.0,
            yaw_speed: 3.1415927410125732
        }
02:28:03: [INFO] [/home/eric/projects/warg_bootcamp/autonomy-bootcamp-2025-p2/tests/integration/test_telemetry.py | read_queue | 70] Received TelemetryData: {
            time_since_boot: 3000,
            x: 3.0,
            y: 0.0,
            z: 0.0,
            x_velocity: 1.0,
            y_velocity: 0.0,
            z_velocity: 0.0,
            roll: 0.0,
            pitch: 0.0,
            yaw: 3.1415927410125732,
            roll_speed: 0.0,
            pitch_speed: 0.0,
            yaw_speed: 3.1415927410125732
        }
02:28:04: [INFO] [/home/eric/projects/warg_bootcamp/autonomy-bootcamp-2025-p2/tests/integration/test_telemetry.py | read_queue | 70] Received TelemetryData: {
            time_since_boot: 3666,
            x: 3.6666667461395264,
            y: 0.0,
            z: 0.0,
            x_velocity: 1.0,
            y_velocity: 0.0,
            z_velocity: 0.0,
            roll: 0.0,
            pitch: 0.0,
            yaw: -1.5707963705062866,
            roll_speed: 0.0,
            pitch_speed: 0.0,
            yaw_speed: 3.1415927410125732
        }
02:28:04: [INFO] [/home/eric/projects/warg_bootcamp/autonomy-bootcamp-2025-p2/tests/integration/test_telemetry.py | read_queue | 70] Received TelemetryData: {
            time_since_boot: 4000,
            x: 4.0,
            y: 0.0,
            z: 0.0,
            x_velocity: 1.0,
            y_velocity: 0.0,
            z_velocity: 0.0,
            roll: 0.0,
            pitch: 0.0,
            yaw: 0.0,
            roll_speed: 0.0,
            pitch_speed: 0.0,
            yaw_speed: 3.1415927410125732
        }
02:28:05: [INFO] [/home/eric/projects/warg_bootcamp/autonomy-bootcamp-2025-p2/tests/integration/test_telemetry.py | read_queue | 70] Received TelemetryData: {
            time_since_boot: 4666,
            x: 4.666666507720947,
            y: 0.0,
            z: 0.0,
            x_velocity: 1.0,
            y_velocity: 0.0,
            z_velocity: 0.0,
            roll: 0.0,
            pitch: 0.0,
            yaw: 1.5707963705062866,
            roll_speed: 0.0,
            pitch_speed: 0.0,
            yaw_speed: 3.1415927410125732
        }
