04:51:51: [INFO] [/home/eric/projects/warg_bootcamp/autonomy-bootcamp-2025-p2/modules/heartbeat/heartbeat_receiver_worker.py | heartbeat_receiver_worker | 46] Logger initialized
04:51:51: [INFO] [/home/eric/projects/warg_bootcamp/autonomy-bootcamp-2025-p2/modules/heartbeat/heartbeat_receiver.py | __init__ | 56] HeartbeatReceiver initialized
04:51:51: [INFO] [/home/eric/projects/warg_bootcamp/autonomy-bootcamp-2025-p2/modules/heartbeat/heartbeat_receiver.py | create | 37] HeartbeatReceiver created successfully
04:51:51: [INFO] [/home/eric/projects/warg_bootcamp/autonomy-bootcamp-2025-p2/modules/heartbeat/heartbeat_receiver.py | run | 70] Received HEARTBEAT message: HEARTBEAT {type : 0, autopilot : 0, base_mode : 0, custom_mode : 0, system_status : 0, mavlink_version : 3}
04:51:51: [INFO] [/home/eric/projects/warg_bootcamp/autonomy-bootcamp-2025-p2/modules/heartbeat/heartbeat_receiver.py | run | 76] State changed to Connected
04:51:51: [INFO] [/home/eric/projects/warg_bootcamp/autonomy-bootcamp-2025-p2/modules/heartbeat/heartbeat_receiver_worker.py | heartbeat_receiver_worker | 64] Reported state: Connected
04:51:52: [INFO] [/home/eric/projects/warg_bootcamp/autonomy-bootcamp-2025-p2/modules/heartbeat/heartbeat_receiver.py | run | 70] Received HEARTBEAT message: HEARTBEAT {type : 0, autopilot : 0, base_mode : 0, custom_mode : 0, system_status : 0, mavlink_version : 3}
04:51:52: [INFO] [/home/eric/projects/warg_bootcamp/autonomy-bootcamp-2025-p2/modules/heartbeat/heartbeat_receiver_worker.py | heartbeat_receiver_worker | 64] Reported state: Connected
04:51:53: [INFO] [/home/eric/projects/warg_bootcamp/autonomy-bootcamp-2025-p2/modules/heartbeat/heartbeat_receiver.py | run | 70] Received HEARTBEAT message: HEARTBEAT {type : 0, autopilot : 0, base_mode : 0, custom_mode : 0, system_status : 0, mavlink_version : 3}
04:51:53: [INFO] [/home/eric/projects/warg_bootcamp/autonomy-bootcamp-2025-p2/modules/heartbeat/heartbeat_receiver_worker.py | heartbeat_receiver_worker | 64] Reported state: Connected
04:51:54: [INFO] [/home/eric/projects/warg_bootcamp/autonomy-bootcamp-2025-p2/modules/heartbeat/heartbeat_receiver.py | run | 70] Received HEARTBEAT message: HEARTBEAT {type : 0, autopilot : 0, base_mode : 0, custom_mode : 0, system_status : 0, mavlink_version : 3}
04:51:54: [INFO] [/home/eric/projects/warg_bootcamp/autonomy-bootcamp-2025-p2/modules/heartbeat/heartbeat_receiver_worker.py | heartbeat_receiver_worker | 64] Reported state: Connected
04:51:55: [INFO] [/home/eric/projects/warg_bootcamp/autonomy-bootcamp-2025-p2/modules/heartbeat/heartbeat_receiver.py | run | 70] Received HEARTBEAT message: HEARTBEAT {type : 0, autopilot : 0, base_mode : 0, custom_mode : 0, system_status : 0, mavlink_version : 3}
04:51:55: [INFO] [/home/eric/projects/warg_bootcamp/autonomy-bootcamp-2025-p2/modules/heartbeat/heartbeat_receiver_worker.py | heartbeat_receiver_worker | 64] Reported state: Connected
04:51:56: [WARNING] [/home/eric/projects/warg_bootcamp/autonomy-bootcamp-2025-p2/modules/heartbeat/heartbeat_receiver.py | run | 80] Missed heartbeat #1
04:51:56: [INFO] [/home/eric/projects/warg_bootcamp/autonomy-bootcamp-2025-p2/modules/heartbeat/heartbeat_receiver_worker.py | heartbeat_receiver_worker | 64] Reported state: Connected
04:51:57: [WARNING] [/home/eric/projects/warg_bootcamp/autonomy-bootcamp-2025-p2/modules/heartbeat/heartbeat_receiver.py | run | 80] Missed heartbeat #2
04:51:57: [INFO] [/home/eric/projects/warg_bootcamp/autonomy-bootcamp-2025-p2/modules/heartbeat/heartbeat_receiver_worker.py | heartbeat_receiver_worker | 64] Reported state: Connected
04:51:58: [WARNING] [/home/eric/projects/warg_bootcamp/autonomy-bootcamp-2025-p2/modules/heartbeat/heartbeat_receiver.py | run | 80] Missed heartbeat #3
04:51:58: [INFO] [/home/eric/projects/warg_bootcamp/autonomy-bootcamp-2025-p2/modules/heartbeat/heartbeat_receiver_worker.py | heartbeat_receiver_worker | 64] Reported state: Connected
04:51:59: [WARNING] [/home/eric/projects/warg_bootcamp/autonomy-bootcamp-2025-p2/modules/heartbeat/heartbeat_receiver.py | run | 80] Missed heartbeat #4
04:51:59: [INFO] [/home/eric/projects/warg_bootcamp/autonomy-bootcamp-2025-p2/modules/heartbeat/heartbeat_receiver_worker.py | heartbeat_receiver_worker | 64] Reported state: Connected
04:52:00: [WARNING] [/home/eric/projects/warg_bootcamp/autonomy-bootcamp-2025-p2/modules/heartbeat/heartbeat_receiver.py | run | 80] Missed heartbeat #5
04:52:00: [WARNING] [/home/eric/projects/warg_bootcamp/autonomy-bootcamp-2025-p2/modules/heartbeat/heartbeat_receiver.py | run | 86] State changed to Disconnected - missed 5 consecutive heartbeats
04:52:00: [INFO] [/home/eric/projects/warg_bootcamp/autonomy-bootcamp-2025-p2/modules/heartbeat/heartbeat_receiver_worker.py | heartbeat_receiver_worker | 64] Reported state: Disconnected
04:52:01: [WARNING] [/home/eric/projects/warg_bootcamp/autonomy-bootcamp-2025-p2/modules/heartbeat/heartbeat_receiver.py | run | 80] Missed heartbeat #6
04:52:01: [INFO] [/home/eric/projects/warg_bootcamp/autonomy-bootcamp-2025-p2/modules/heartbeat/heartbeat_receiver_worker.py | heartbeat_receiver_worker | 64] Reported state: Disconnected
04:52:02: [WARNING] [/home/eric/projects/warg_bootcamp/autonomy-bootcamp-2025-p2/modules/heartbeat/heartbeat_receiver.py | run | 80] Missed heartbeat #7
04:52:02: [INFO] [/home/eric/projects/warg_bootcamp/autonomy-bootcamp-2025-p2/modules/heartbeat/heartbeat_receiver_worker.py | heartbeat_receiver_worker | 64] Reported state: Disconnected
04:52:03: [WARNING] [/home/eric/projects/warg_bootcamp/autonomy-bootcamp-2025-p2/modules/heartbeat/heartbeat_receiver.py | run | 80] Missed heartbeat #8
04:52:03: [INFO] [/home/eric/projects/warg_bootcamp/autonomy-bootcamp-2025-p2/modules/heartbeat/heartbeat_receiver_worker.py | heartbeat_receiver_worker | 64] Reported state: Disconnected
04:52:04: [INFO] [/home/eric/projects/warg_bootcamp/autonomy-bootcamp-2025-p2/modules/heartbeat/heartbeat_receiver.py | run | 70] Received HEARTBEAT message: HEARTBEAT {type : 0, autopilot : 0, base_mode : 0, custom_mode : 0, system_status : 0, mavlink_version : 3}
04:52:04: [INFO] [/home/eric/projects/warg_bootcamp/autonomy-bootcamp-2025-p2/modules/heartbeat/heartbeat_receiver.py | run | 76] State changed to Connected
04:52:04: [INFO] [/home/eric/projects/warg_bootcamp/autonomy-bootcamp-2025-p2/modules/heartbeat/heartbeat_receiver_worker.py | heartbeat_receiver_worker | 64] Reported state: Connected
04:52:05: [INFO] [/home/eric/projects/warg_bootcamp/autonomy-bootcamp-2025-p2/modules/heartbeat/heartbeat_receiver.py | run | 70] Received HEARTBEAT message: HEARTBEAT {type : 0, autopilot : 0, base_mode : 0, custom_mode : 0, system_status : 0, mavlink_version : 3}
04:52:05: [INFO] [/home/eric/projects/warg_bootcamp/autonomy-bootcamp-2025-p2/modules/heartbeat/heartbeat_receiver_worker.py | heartbeat_receiver_worker | 64] Reported state: Connected
04:52:06: [INFO] [/home/eric/projects/warg_bootcamp/autonomy-bootcamp-2025-p2/modules/heartbeat/heartbeat_receiver.py | run | 70] Received HEARTBEAT message: HEARTBEAT {type : 0, autopilot : 0, base_mode : 0, custom_mode : 0, system_status : 0, mavlink_version : 3}
04:52:06: [INFO] [/home/eric/projects/warg_bootcamp/autonomy-bootcamp-2025-p2/modules/heartbeat/heartbeat_receiver_worker.py | heartbeat_receiver_worker | 64] Reported state: Connected
