03:32:37: [INFO] [/home/eric/projects/warg_bootcamp/autonomy-bootcamp-2025-p2/modules/command/command_worker.py | command_worker | 57] Logger initialized
03:32:37: [INFO] [/home/eric/projects/warg_bootcamp/autonomy-bootcamp-2025-p2/modules/command/command.py | __init__ | 77] Command initialized
03:32:37: [INFO] [/home/eric/projects/warg_bootcamp/autonomy-bootcamp-2025-p2/modules/command/command.py | create | 53] Command created successfully
03:32:37: [INFO] [/home/eric/projects/warg_bootcamp/autonomy-bootcamp-2025-p2/modules/command/command_worker.py | command_worker | 70] Command created successfully
03:32:37: [INFO] [/home/eric/projects/warg_bootcamp/autonomy-bootcamp-2025-p2/modules/command/command_worker.py | command_worker | 86] Received TelemetryData: {
            time_since_boot: None,
            x: 0,
            y: 0,
            z: 29,
            x_velocity: 0,
            y_velocity: 0,
            z_velocity: 4,
            roll: None,
            pitch: None,
            yaw: 0,
            roll_speed: None,
            pitch_speed: None,
            yaw_speed: None
        }
03:32:37: [INFO] [/home/eric/projects/warg_bootcamp/autonomy-bootcamp-2025-p2/modules/command/command.py | run | 99] Average velocity so far: x=0.00, y=0.00, z=4.00 m/s
03:32:37: [INFO] [/home/eric/projects/warg_bootcamp/autonomy-bootcamp-2025-p2/modules/command/command.py | run | 108] About to send MAV_CMD_CONDITION_CHANGE_ALT with param2 (speed)=1.0
03:32:37: [INFO] [/home/eric/projects/warg_bootcamp/autonomy-bootcamp-2025-p2/modules/command/command.py | run | 122] Sent altitude change command: target=30, current=29, delta=1
03:32:37: [INFO] [/home/eric/projects/warg_bootcamp/autonomy-bootcamp-2025-p2/modules/command/command_worker.py | command_worker | 97] Sent command result: CHANGE ALTITUDE: 1.00
03:32:37: [INFO] [/home/eric/projects/warg_bootcamp/autonomy-bootcamp-2025-p2/modules/command/command_worker.py | command_worker | 86] Received TelemetryData: {
            time_since_boot: None,
            x: 0,
            y: 0,
            z: 31,
            x_velocity: 0,
            y_velocity: 0,
            z_velocity: -2,
            roll: None,
            pitch: None,
            yaw: 0,
            roll_speed: None,
            pitch_speed: None,
            yaw_speed: None
        }
03:32:37: [INFO] [/home/eric/projects/warg_bootcamp/autonomy-bootcamp-2025-p2/modules/command/command.py | run | 99] Average velocity so far: x=0.00, y=0.00, z=1.00 m/s
03:32:38: [INFO] [/home/eric/projects/warg_bootcamp/autonomy-bootcamp-2025-p2/modules/command/command.py | run | 160] Sent yaw change command: current=0.0°, target=63.4°, delta=63.4°
03:32:38: [INFO] [/home/eric/projects/warg_bootcamp/autonomy-bootcamp-2025-p2/modules/command/command_worker.py | command_worker | 97] Sent command result: CHANGE YAW: 63.4
03:32:39: [INFO] [/home/eric/projects/warg_bootcamp/autonomy-bootcamp-2025-p2/modules/command/command_worker.py | command_worker | 110] Command worker exiting gracefully
